
/Users/aveersingh/Lab10/target/5.3.0/argon/Lab10.elf:     file format elf32-littlearm

Sections:
Idx Name          Size      VMA       LMA       File off  Algn
  0 .module_info  00000018  000b4000  000b4000  00004000  2**0
                  CONTENTS, ALLOC, LOAD, READONLY, DATA
  1 .dynalib      00000004  000b4018  000b4018  00004018  2**2
                  CONTENTS, ALLOC, LOAD, READONLY, DATA
  2 .text         00000f34  000b401c  000b401c  0000401c  2**2
                  CONTENTS, ALLOC, LOAD, READONLY, CODE
  3 .note.gnu.build-id 00000024  000b4f50  000b4f50  00004f50  2**2
                  CONTENTS, ALLOC, LOAD, READONLY, DATA
  4 .data         0000006c  2003e664  000b4f74  0000e664  2**2
                  CONTENTS, ALLOC, LOAD, DATA
  5 .bss          00000120  2003e6d0  2003e6d0  0001e6d0  2**2
                  ALLOC
  6 .backup       00000004  2003f400  000b4fe0  0000f400  2**2
                  CONTENTS, ALLOC, LOAD, DATA
  7 .module_info_product 00000006  000b4fe4  000b4fe4  00014fe4  2**0
                  ALLOC
  8 .module_info_suffix 00000024  000b4fea  000b4fea  00014fea  2**0
                  CONTENTS, ALLOC, LOAD, READONLY, DATA
  9 .module_info_crc 00000004  000b500e  000b500e  0001500e  2**0
                  CONTENTS, ALLOC, LOAD, READONLY, DATA
 10 .debug_info   000dae18  00000000  00000000  00015012  2**0
                  CONTENTS, READONLY, DEBUGGING, OCTETS
 11 .debug_abbrev 0000ca62  00000000  00000000  000efe2a  2**0
                  CONTENTS, READONLY, DEBUGGING, OCTETS
 12 .debug_loc    0002fd42  00000000  00000000  000fc88c  2**0
                  CONTENTS, READONLY, DEBUGGING, OCTETS
 13 .debug_aranges 00002078  00000000  00000000  0012c5ce  2**0
                  CONTENTS, READONLY, DEBUGGING, OCTETS
 14 .debug_ranges 00008fd0  00000000  00000000  0012e646  2**0
                  CONTENTS, READONLY, DEBUGGING, OCTETS
 15 .debug_macro  0002f17c  00000000  00000000  00137616  2**0
                  CONTENTS, READONLY, DEBUGGING, OCTETS
 16 .debug_line   0002ca08  00000000  00000000  00166792  2**0
                  CONTENTS, READONLY, DEBUGGING, OCTETS
 17 .debug_str    001326e0  00000000  00000000  0019319a  2**0
                  CONTENTS, READONLY, DEBUGGING, OCTETS
 18 .debug_frame  00005c40  00000000  00000000  002c587c  2**2
                  CONTENTS, READONLY, DEBUGGING, OCTETS

Disassembly of section .text:

000b401c <strlen>:
   b401c:	4603      	mov	r3, r0
   b401e:	f813 2b01 	ldrb.w	r2, [r3], #1
   b4022:	2a00      	cmp	r2, #0
   b4024:	d1fb      	bne.n	b401e <strlen+0x2>
   b4026:	1a18      	subs	r0, r3, r0
   b4028:	3801      	subs	r0, #1
   b402a:	4770      	bx	lr

000b402c <module_user_pre_init>:
/**
 * Initializes this user module. Returns the start of the heap.
 */
void* module_user_pre_init() {

    if ( (&link_global_data_start!=&link_global_data_initial_values) && (link_global_data_size != 0))
   b402c:	4809      	ldr	r0, [pc, #36]	; (b4054 <module_user_pre_init+0x28>)
   b402e:	490a      	ldr	r1, [pc, #40]	; (b4058 <module_user_pre_init+0x2c>)
   b4030:	4288      	cmp	r0, r1
void* module_user_pre_init() {
   b4032:	b508      	push	{r3, lr}
    if ( (&link_global_data_start!=&link_global_data_initial_values) && (link_global_data_size != 0))
   b4034:	d005      	beq.n	b4042 <module_user_pre_init+0x16>
   b4036:	4a09      	ldr	r2, [pc, #36]	; (b405c <module_user_pre_init+0x30>)
   b4038:	4282      	cmp	r2, r0
   b403a:	d002      	beq.n	b4042 <module_user_pre_init+0x16>
    {
        memcpy(&link_global_data_start, &link_global_data_initial_values, link_global_data_size);
   b403c:	1a12      	subs	r2, r2, r0
   b403e:	f000 fde3 	bl	b4c08 <memcpy>
    }

    memset(&link_bss_location, 0, link_bss_size );
   b4042:	4807      	ldr	r0, [pc, #28]	; (b4060 <module_user_pre_init+0x34>)
   b4044:	4a07      	ldr	r2, [pc, #28]	; (b4064 <module_user_pre_init+0x38>)
   b4046:	2100      	movs	r1, #0
   b4048:	1a12      	subs	r2, r2, r0
   b404a:	f000 fdeb 	bl	b4c24 <memset>
    return &link_global_data_start;
}
   b404e:	4801      	ldr	r0, [pc, #4]	; (b4054 <module_user_pre_init+0x28>)
   b4050:	bd08      	pop	{r3, pc}
   b4052:	bf00      	nop
   b4054:	2003e664 	.word	0x2003e664
   b4058:	000b4f74 	.word	0x000b4f74
   b405c:	2003e6d0 	.word	0x2003e6d0
   b4060:	2003e6d0 	.word	0x2003e6d0
   b4064:	2003e7f0 	.word	0x2003e7f0

000b4068 <module_user_init>:
extern constructor_ptr_t link_constructors_location[];
extern constructor_ptr_t link_constructors_end;
#define link_constructors_size   ((unsigned long)&link_constructors_end  -  (unsigned long)&link_constructors_location )

void module_user_init()
{
   b4068:	b570      	push	{r4, r5, r6, lr}
    module_user_init_hook();

    // invoke constructors
    for (size_t ctor_num=0; ctor_num < link_constructors_size/sizeof(constructor_ptr_t); ctor_num++ )
   b406a:	4e07      	ldr	r6, [pc, #28]	; (b4088 <module_user_init+0x20>)
   b406c:	4c07      	ldr	r4, [pc, #28]	; (b408c <module_user_init+0x24>)
    module_user_init_hook();
   b406e:	f000 fd51 	bl	b4b14 <module_user_init_hook>
    for (size_t ctor_num=0; ctor_num < link_constructors_size/sizeof(constructor_ptr_t); ctor_num++ )
   b4072:	1ba4      	subs	r4, r4, r6
   b4074:	08a4      	lsrs	r4, r4, #2
   b4076:	2500      	movs	r5, #0
   b4078:	42ac      	cmp	r4, r5
   b407a:	d100      	bne.n	b407e <module_user_init+0x16>
    {
        link_constructors_location[ctor_num]();
    }
}
   b407c:	bd70      	pop	{r4, r5, r6, pc}
        link_constructors_location[ctor_num]();
   b407e:	f856 3b04 	ldr.w	r3, [r6], #4
   b4082:	4798      	blx	r3
    for (size_t ctor_num=0; ctor_num < link_constructors_size/sizeof(constructor_ptr_t); ctor_num++ )
   b4084:	3501      	adds	r5, #1
   b4086:	e7f7      	b.n	b4078 <module_user_init+0x10>
   b4088:	000b4f2c 	.word	0x000b4f2c
   b408c:	000b4f50 	.word	0x000b4f50

000b4090 <module_user_setup>:

/**
 * Export these functions with a fuller name so they don't clash with the setup/loop wrappers in the system module.
 */
void module_user_setup() {
    setup();
   b4090:	f000 b813 	b.w	b40ba <setup>

000b4094 <module_user_loop>:
}

void module_user_loop() {
   b4094:	b508      	push	{r3, lr}
    loop();
   b4096:	f000 f81f 	bl	b40d8 <loop>
    _post_loop();
}
   b409a:	e8bd 4008 	ldmia.w	sp!, {r3, lr}
    _post_loop();
   b409e:	f000 bcf1 	b.w	b4a84 <_post_loop>

000b40a2 <_Znaj>:
   b40a2:	f000 b997 	b.w	b43d4 <malloc>

000b40a6 <_ZdlPvj>:
	free(p);
}

void operator delete(void *p, size_t size)
{
	free(p);
   b40a6:	f000 b99d 	b.w	b43e4 <free>

000b40aa <__cxa_guard_acquire>:

/* Provide default implemenation for __cxa_guard_acquire() and
 * __cxa_guard_release(). Note: these must be revisited if a multitasking
 * OS is ported to this platform. */
__extension__ typedef int __guard __attribute__((mode (__DI__)));
int __cxa_guard_acquire(__guard *g) {return !*(char *)(g);};
   b40aa:	7800      	ldrb	r0, [r0, #0]
   b40ac:	fab0 f080 	clz	r0, r0
   b40b0:	0940      	lsrs	r0, r0, #5
   b40b2:	4770      	bx	lr

000b40b4 <__cxa_guard_release>:
void __cxa_guard_release (__guard *g) {*(char *)g = 1;};
   b40b4:	2301      	movs	r3, #1
   b40b6:	7003      	strb	r3, [r0, #0]
   b40b8:	4770      	bx	lr

000b40ba <setup>:
SYSTEM_MODE(MANUAL)
SYSTEM_THREAD(ENABLED)

void setup()
{
   b40ba:	b508      	push	{r3, lr}
  Serial.begin(9600);
   b40bc:	f000 fc5c 	bl	b4978 <_Z16_fetch_usbserialv>
   b40c0:	f44f 5116 	mov.w	r1, #9600	; 0x2580
   b40c4:	f000 fc4c 	bl	b4960 <_ZN9USBSerial5beginEl>
  Serial1.begin(9600);
   b40c8:	f000 fd72 	bl	b4bb0 <_Z22__fetch_global_Serial1v>
  // while (!Serial.isConnected())
  // {
  // }
}
   b40cc:	e8bd 4008 	ldmia.w	sp!, {r3, lr}
  Serial1.begin(9600);
   b40d0:	f44f 5116 	mov.w	r1, #9600	; 0x2580
   b40d4:	f000 bbee 	b.w	b48b4 <_ZN11USARTSerial5beginEm>

000b40d8 <loop>:

void loop()
{
   b40d8:	b507      	push	{r0, r1, r2, lr}

  if (Serial.available())
   b40da:	f000 fc4d 	bl	b4978 <_Z16_fetch_usbserialv>
   b40de:	6803      	ldr	r3, [r0, #0]
   b40e0:	691b      	ldr	r3, [r3, #16]
   b40e2:	4798      	blx	r3
   b40e4:	b180      	cbz	r0, b4108 <loop+0x30>
  {
    char value = Serial.read();
   b40e6:	f000 fc47 	bl	b4978 <_Z16_fetch_usbserialv>
   b40ea:	6803      	ldr	r3, [r0, #0]
   b40ec:	695b      	ldr	r3, [r3, #20]
   b40ee:	4798      	blx	r3
   b40f0:	b2c1      	uxtb	r1, r0
   b40f2:	9101      	str	r1, [sp, #4]
    Serial.println(value);
   b40f4:	f000 fc40 	bl	b4978 <_Z16_fetch_usbserialv>
   b40f8:	9901      	ldr	r1, [sp, #4]
   b40fa:	f000 fb3a 	bl	b4772 <_ZN5Print7printlnEc>
    Serial1.print(value);
   b40fe:	f000 fd57 	bl	b4bb0 <_Z22__fetch_global_Serial1v>
   b4102:	9901      	ldr	r1, [sp, #4]
   b4104:	f000 fb26 	bl	b4754 <_ZN5Print5printEc>
  }
  
  if(Serial1.available())
   b4108:	f000 fd52 	bl	b4bb0 <_Z22__fetch_global_Serial1v>
   b410c:	6803      	ldr	r3, [r0, #0]
   b410e:	691b      	ldr	r3, [r3, #16]
   b4110:	4798      	blx	r3
   b4112:	b198      	cbz	r0, b413c <loop+0x64>
  {
    char blah = Serial1.read();
   b4114:	f000 fd4c 	bl	b4bb0 <_Z22__fetch_global_Serial1v>
   b4118:	6803      	ldr	r3, [r0, #0]
   b411a:	695b      	ldr	r3, [r3, #20]
   b411c:	4798      	blx	r3
   b411e:	b2c1      	uxtb	r1, r0
   b4120:	9101      	str	r1, [sp, #4]
    Serial.println(blah);
   b4122:	f000 fc29 	bl	b4978 <_Z16_fetch_usbserialv>
   b4126:	9901      	ldr	r1, [sp, #4]
   b4128:	f000 fb23 	bl	b4772 <_ZN5Print7printlnEc>
    Serial.print(blah);
   b412c:	f000 fc24 	bl	b4978 <_Z16_fetch_usbserialv>
   b4130:	9901      	ldr	r1, [sp, #4]
  }
  
}
   b4132:	b003      	add	sp, #12
   b4134:	f85d eb04 	ldr.w	lr, [sp], #4
    Serial.print(blah);
   b4138:	f000 bb0c 	b.w	b4754 <_ZN5Print5printEc>
}
   b413c:	b003      	add	sp, #12
   b413e:	f85d fb04 	ldr.w	pc, [sp], #4
	...

000b4144 <_GLOBAL__sub_I_SystemMode>:
   b4144:	b510      	push	{r4, lr}

class SystemSleepResult {
public:
    SystemSleepResult()
            : wakeupSource_(nullptr),
              error_(SYSTEM_ERROR_NONE) {
   b4146:	4b07      	ldr	r3, [pc, #28]	; (b4164 <_GLOBAL__sub_I_SystemMode+0x20>)
    SleepResult() {}
   b4148:	4a07      	ldr	r2, [pc, #28]	; (b4168 <_GLOBAL__sub_I_SystemMode+0x24>)
   b414a:	609a      	str	r2, [r3, #8]
              error_(SYSTEM_ERROR_NONE) {
   b414c:	2400      	movs	r4, #0
   b414e:	e9c3 4400 	strd	r4, r4, [r3]

class SystemClass {
public:

    SystemClass(System_Mode_TypeDef mode = DEFAULT) {
        set_system_mode(mode);
   b4152:	2003      	movs	r0, #3
   b4154:	f000 f8b2 	bl	b42bc <set_system_mode>
SYSTEM_THREAD(ENABLED)
   b4158:	4621      	mov	r1, r4
   b415a:	2001      	movs	r0, #1
}
   b415c:	e8bd 4010 	ldmia.w	sp!, {r4, lr}
SYSTEM_THREAD(ENABLED)
   b4160:	f000 b8b4 	b.w	b42cc <system_thread_set_state>
   b4164:	2003e6d0 	.word	0x2003e6d0
   b4168:	ffff0000 	.word	0xffff0000

000b416c <os_mutex_recursive_create>:
DYNALIB_FN(13, hal_concurrent, os_mutex_destroy, int(os_mutex_t))
DYNALIB_FN(14, hal_concurrent, os_mutex_lock, int(os_mutex_t))
DYNALIB_FN(15, hal_concurrent, os_mutex_trylock, int(os_mutex_t))
DYNALIB_FN(16, hal_concurrent, os_mutex_unlock, int(os_mutex_t))

DYNALIB_FN(17, hal_concurrent, os_mutex_recursive_create, int(os_mutex_recursive_t*))
   b416c:	b508      	push	{r3, lr}
   b416e:	4b02      	ldr	r3, [pc, #8]	; (b4178 <os_mutex_recursive_create+0xc>)
   b4170:	681b      	ldr	r3, [r3, #0]
   b4172:	6c5b      	ldr	r3, [r3, #68]	; 0x44
   b4174:	9301      	str	r3, [sp, #4]
   b4176:	bd08      	pop	{r3, pc}
   b4178:	00030248 	.word	0x00030248

000b417c <HAL_RNG_GetRandomNumber>:

DYNALIB_BEGIN(hal)

#if PLATFORM_ID > PLATFORM_GCC
DYNALIB_FN(0, hal, HAL_RNG_Configuration, void(void))
DYNALIB_FN(1, hal, HAL_RNG_GetRandomNumber, uint32_t(void))
   b417c:	b508      	push	{r3, lr}
   b417e:	4b02      	ldr	r3, [pc, #8]	; (b4188 <HAL_RNG_GetRandomNumber+0xc>)
   b4180:	681b      	ldr	r3, [r3, #0]
   b4182:	685b      	ldr	r3, [r3, #4]
   b4184:	9301      	str	r3, [sp, #4]
   b4186:	bd08      	pop	{r3, pc}
   b4188:	00030218 	.word	0x00030218

000b418c <HAL_Timer_Get_Milli_Seconds>:
#endif // PLATFORM_ID > PLATFORM_GCC

DYNALIB_FN(BASE_IDX + 0, hal, HAL_Delay_Milliseconds, void(uint32_t))
DYNALIB_FN(BASE_IDX + 1, hal, HAL_Delay_Microseconds, void(uint32_t))
DYNALIB_FN(BASE_IDX + 2, hal, HAL_Timer_Get_Micro_Seconds, system_tick_t(void))
DYNALIB_FN(BASE_IDX + 3, hal, HAL_Timer_Get_Milli_Seconds, system_tick_t(void))
   b418c:	b508      	push	{r3, lr}
   b418e:	4b02      	ldr	r3, [pc, #8]	; (b4198 <HAL_Timer_Get_Milli_Seconds+0xc>)
   b4190:	681b      	ldr	r3, [r3, #0]
   b4192:	695b      	ldr	r3, [r3, #20]
   b4194:	9301      	str	r3, [sp, #4]
   b4196:	bd08      	pop	{r3, pc}
   b4198:	00030218 	.word	0x00030218

000b419c <inet_inet_ntop>:
DYNALIB_FN(0, hal_inet, inet_inet_addr, in_addr_t(const char*))
DYNALIB_FN(1, hal_inet, inet_inet_aton, int(const char*, struct in_addr*))
DYNALIB_FN(2, hal_inet, inet_inet_network, in_addr_t(const char*))
DYNALIB_FN(3, hal_inet, inet_inet_ntoa, char*(struct in_addr))
DYNALIB_FN(4, hal_inet, inet_inet_ntoa_r, char*(struct in_addr, char*, socklen_t))
DYNALIB_FN(5, hal_inet, inet_inet_ntop, const char*(int, const void*, char*, socklen_t))
   b419c:	b508      	push	{r3, lr}
   b419e:	4b02      	ldr	r3, [pc, #8]	; (b41a8 <inet_inet_ntop+0xc>)
   b41a0:	681b      	ldr	r3, [r3, #0]
   b41a2:	695b      	ldr	r3, [r3, #20]
   b41a4:	9301      	str	r3, [sp, #4]
   b41a6:	bd08      	pop	{r3, pc}
   b41a8:	00030264 	.word	0x00030264

000b41ac <netdb_freeaddrinfo>:

DYNALIB_BEGIN(hal_netdb)

DYNALIB_FN(0, hal_netdb, netdb_gethostbyname, struct hostent*(const char*))
DYNALIB_FN(1, hal_netdb, netdb_gethostbyname_r, int(const char*, struct hostent*, char*, size_t, struct hostent**, int*))
DYNALIB_FN(2, hal_netdb, netdb_freeaddrinfo, void(struct addrinfo*))
   b41ac:	b508      	push	{r3, lr}
   b41ae:	4b02      	ldr	r3, [pc, #8]	; (b41b8 <netdb_freeaddrinfo+0xc>)
   b41b0:	681b      	ldr	r3, [r3, #0]
   b41b2:	689b      	ldr	r3, [r3, #8]
   b41b4:	9301      	str	r3, [sp, #4]
   b41b6:	bd08      	pop	{r3, pc}
   b41b8:	00030268 	.word	0x00030268

000b41bc <netdb_getaddrinfo>:
DYNALIB_FN(3, hal_netdb, netdb_getaddrinfo, int(const char*, const char*, const struct addrinfo*, struct addrinfo**))
   b41bc:	b508      	push	{r3, lr}
   b41be:	4b02      	ldr	r3, [pc, #8]	; (b41c8 <netdb_getaddrinfo+0xc>)
   b41c0:	681b      	ldr	r3, [r3, #0]
   b41c2:	68db      	ldr	r3, [r3, #12]
   b41c4:	9301      	str	r3, [sp, #4]
   b41c6:	bd08      	pop	{r3, pc}
   b41c8:	00030268 	.word	0x00030268

000b41cc <hal_usart_write>:
#endif

DYNALIB_FN(BASE_IDX + 0, hal_usart, hal_usart_init, void(hal_usart_interface_t, hal_usart_ring_buffer_t*, hal_usart_ring_buffer_t*))
DYNALIB_FN(BASE_IDX + 1, hal_usart, hal_usart_begin, void(hal_usart_interface_t, uint32_t))
DYNALIB_FN(BASE_IDX + 2, hal_usart, hal_usart_end, void(hal_usart_interface_t))
DYNALIB_FN(BASE_IDX + 3, hal_usart, hal_usart_write, uint32_t(hal_usart_interface_t, uint8_t))
   b41cc:	b508      	push	{r3, lr}
   b41ce:	4b02      	ldr	r3, [pc, #8]	; (b41d8 <hal_usart_write+0xc>)
   b41d0:	681b      	ldr	r3, [r3, #0]
   b41d2:	68db      	ldr	r3, [r3, #12]
   b41d4:	9301      	str	r3, [sp, #4]
   b41d6:	bd08      	pop	{r3, pc}
   b41d8:	0003023c 	.word	0x0003023c

000b41dc <hal_usart_available>:
DYNALIB_FN(BASE_IDX + 4, hal_usart, hal_usart_available, int32_t(hal_usart_interface_t))
   b41dc:	b508      	push	{r3, lr}
   b41de:	4b02      	ldr	r3, [pc, #8]	; (b41e8 <hal_usart_available+0xc>)
   b41e0:	681b      	ldr	r3, [r3, #0]
   b41e2:	691b      	ldr	r3, [r3, #16]
   b41e4:	9301      	str	r3, [sp, #4]
   b41e6:	bd08      	pop	{r3, pc}
   b41e8:	0003023c 	.word	0x0003023c

000b41ec <hal_usart_read>:
DYNALIB_FN(BASE_IDX + 5, hal_usart, hal_usart_read, int32_t(hal_usart_interface_t))
   b41ec:	b508      	push	{r3, lr}
   b41ee:	4b02      	ldr	r3, [pc, #8]	; (b41f8 <hal_usart_read+0xc>)
   b41f0:	681b      	ldr	r3, [r3, #0]
   b41f2:	695b      	ldr	r3, [r3, #20]
   b41f4:	9301      	str	r3, [sp, #4]
   b41f6:	bd08      	pop	{r3, pc}
   b41f8:	0003023c 	.word	0x0003023c

000b41fc <hal_usart_peek>:
DYNALIB_FN(BASE_IDX + 6, hal_usart, hal_usart_peek, int32_t(hal_usart_interface_t))
   b41fc:	b508      	push	{r3, lr}
   b41fe:	4b02      	ldr	r3, [pc, #8]	; (b4208 <hal_usart_peek+0xc>)
   b4200:	681b      	ldr	r3, [r3, #0]
   b4202:	699b      	ldr	r3, [r3, #24]
   b4204:	9301      	str	r3, [sp, #4]
   b4206:	bd08      	pop	{r3, pc}
   b4208:	0003023c 	.word	0x0003023c

000b420c <hal_usart_flush>:
DYNALIB_FN(BASE_IDX + 7, hal_usart, hal_usart_flush, void(hal_usart_interface_t))
   b420c:	b508      	push	{r3, lr}
   b420e:	4b02      	ldr	r3, [pc, #8]	; (b4218 <hal_usart_flush+0xc>)
   b4210:	681b      	ldr	r3, [r3, #0]
   b4212:	69db      	ldr	r3, [r3, #28]
   b4214:	9301      	str	r3, [sp, #4]
   b4216:	bd08      	pop	{r3, pc}
   b4218:	0003023c 	.word	0x0003023c

000b421c <hal_usart_available_data_for_write>:
DYNALIB_FN(BASE_IDX + 8, hal_usart, hal_usart_is_enabled, bool(hal_usart_interface_t))
DYNALIB_FN(BASE_IDX + 9, hal_usart, hal_usart_half_duplex, void(hal_usart_interface_t, bool))
DYNALIB_FN(BASE_IDX + 10, hal_usart, hal_usart_available_data_for_write, int32_t(hal_usart_interface_t))
   b421c:	b508      	push	{r3, lr}
   b421e:	4b02      	ldr	r3, [pc, #8]	; (b4228 <hal_usart_available_data_for_write+0xc>)
   b4220:	681b      	ldr	r3, [r3, #0]
   b4222:	6a9b      	ldr	r3, [r3, #40]	; 0x28
   b4224:	9301      	str	r3, [sp, #4]
   b4226:	bd08      	pop	{r3, pc}
   b4228:	0003023c 	.word	0x0003023c

000b422c <hal_usart_begin_config>:
#define BASE_IDX2 (BASE_IDX+13)
#else
#define BASE_IDX2 (BASE_IDX+11)
#endif

DYNALIB_FN(BASE_IDX2 + 0, hal_usart, hal_usart_begin_config, void(hal_usart_interface_t serial, uint32_t baud, uint32_t config, void *ptr))
   b422c:	b508      	push	{r3, lr}
   b422e:	4b02      	ldr	r3, [pc, #8]	; (b4238 <hal_usart_begin_config+0xc>)
   b4230:	681b      	ldr	r3, [r3, #0]
   b4232:	6adb      	ldr	r3, [r3, #44]	; 0x2c
   b4234:	9301      	str	r3, [sp, #4]
   b4236:	bd08      	pop	{r3, pc}
   b4238:	0003023c 	.word	0x0003023c

000b423c <hal_usart_init_ex>:
DYNALIB_FN(BASE_IDX2 + 1, hal_usart, hal_usart_write_nine_bits, uint32_t(hal_usart_interface_t serial, uint16_t data))
DYNALIB_FN(BASE_IDX2 + 2, hal_usart, hal_usart_send_break, void(hal_usart_interface_t, void*))
DYNALIB_FN(BASE_IDX2 + 3, hal_usart, hal_usart_break_detected, uint8_t(hal_usart_interface_t))
DYNALIB_FN(BASE_IDX2 + 4, hal_usart, hal_usart_sleep, int(hal_usart_interface_t serial, bool, void*))
DYNALIB_FN(BASE_IDX2 + 5, hal_usart, hal_usart_init_ex, int(hal_usart_interface_t, const hal_usart_buffer_config_t*, void*))
   b423c:	b508      	push	{r3, lr}
   b423e:	4b02      	ldr	r3, [pc, #8]	; (b4248 <hal_usart_init_ex+0xc>)
   b4240:	681b      	ldr	r3, [r3, #0]
   b4242:	6c1b      	ldr	r3, [r3, #64]	; 0x40
   b4244:	9301      	str	r3, [sp, #4]
   b4246:	bd08      	pop	{r3, pc}
   b4248:	0003023c 	.word	0x0003023c

000b424c <HAL_USB_USART_Init>:
// GNINRAW

DYNALIB_BEGIN(hal_usb)

#ifdef USB_CDC_ENABLE
DYNALIB_FN(0, hal_usb, HAL_USB_USART_Init, void(HAL_USB_USART_Serial, const HAL_USB_USART_Config*))
   b424c:	b508      	push	{r3, lr}
   b424e:	4b02      	ldr	r3, [pc, #8]	; (b4258 <HAL_USB_USART_Init+0xc>)
   b4250:	681b      	ldr	r3, [r3, #0]
   b4252:	681b      	ldr	r3, [r3, #0]
   b4254:	9301      	str	r3, [sp, #4]
   b4256:	bd08      	pop	{r3, pc}
   b4258:	0003024c 	.word	0x0003024c

000b425c <HAL_USB_USART_Begin>:
DYNALIB_FN(1, hal_usb, HAL_USB_USART_Begin, void(HAL_USB_USART_Serial, uint32_t, void *))
   b425c:	b508      	push	{r3, lr}
   b425e:	4b02      	ldr	r3, [pc, #8]	; (b4268 <HAL_USB_USART_Begin+0xc>)
   b4260:	681b      	ldr	r3, [r3, #0]
   b4262:	685b      	ldr	r3, [r3, #4]
   b4264:	9301      	str	r3, [sp, #4]
   b4266:	bd08      	pop	{r3, pc}
   b4268:	0003024c 	.word	0x0003024c

000b426c <HAL_USB_USART_Available_Data>:
DYNALIB_FN(2, hal_usb, HAL_USB_USART_End, void(HAL_USB_USART_Serial))
DYNALIB_FN(3, hal_usb, HAL_USB_USART_Baud_Rate, unsigned int(HAL_USB_USART_Serial))
DYNALIB_FN(4, hal_usb, HAL_USB_USART_Available_Data, int32_t(HAL_USB_USART_Serial))
   b426c:	b508      	push	{r3, lr}
   b426e:	4b02      	ldr	r3, [pc, #8]	; (b4278 <HAL_USB_USART_Available_Data+0xc>)
   b4270:	681b      	ldr	r3, [r3, #0]
   b4272:	691b      	ldr	r3, [r3, #16]
   b4274:	9301      	str	r3, [sp, #4]
   b4276:	bd08      	pop	{r3, pc}
   b4278:	0003024c 	.word	0x0003024c

000b427c <HAL_USB_USART_Available_Data_For_Write>:
DYNALIB_FN(5, hal_usb, HAL_USB_USART_Available_Data_For_Write, int32_t(HAL_USB_USART_Serial))
   b427c:	b508      	push	{r3, lr}
   b427e:	4b02      	ldr	r3, [pc, #8]	; (b4288 <HAL_USB_USART_Available_Data_For_Write+0xc>)
   b4280:	681b      	ldr	r3, [r3, #0]
   b4282:	695b      	ldr	r3, [r3, #20]
   b4284:	9301      	str	r3, [sp, #4]
   b4286:	bd08      	pop	{r3, pc}
   b4288:	0003024c 	.word	0x0003024c

000b428c <HAL_USB_USART_Receive_Data>:
DYNALIB_FN(6, hal_usb, HAL_USB_USART_Receive_Data, int32_t(HAL_USB_USART_Serial, uint8_t))
   b428c:	b508      	push	{r3, lr}
   b428e:	4b02      	ldr	r3, [pc, #8]	; (b4298 <HAL_USB_USART_Receive_Data+0xc>)
   b4290:	681b      	ldr	r3, [r3, #0]
   b4292:	699b      	ldr	r3, [r3, #24]
   b4294:	9301      	str	r3, [sp, #4]
   b4296:	bd08      	pop	{r3, pc}
   b4298:	0003024c 	.word	0x0003024c

000b429c <HAL_USB_USART_Send_Data>:
DYNALIB_FN(7, hal_usb, HAL_USB_USART_Send_Data, int32_t(HAL_USB_USART_Serial, uint8_t))
   b429c:	b508      	push	{r3, lr}
   b429e:	4b02      	ldr	r3, [pc, #8]	; (b42a8 <HAL_USB_USART_Send_Data+0xc>)
   b42a0:	681b      	ldr	r3, [r3, #0]
   b42a2:	69db      	ldr	r3, [r3, #28]
   b42a4:	9301      	str	r3, [sp, #4]
   b42a6:	bd08      	pop	{r3, pc}
   b42a8:	0003024c 	.word	0x0003024c

000b42ac <HAL_USB_USART_Flush_Data>:
DYNALIB_FN(8, hal_usb, HAL_USB_USART_Flush_Data, void(HAL_USB_USART_Serial))
   b42ac:	b508      	push	{r3, lr}
   b42ae:	4b02      	ldr	r3, [pc, #8]	; (b42b8 <HAL_USB_USART_Flush_Data+0xc>)
   b42b0:	681b      	ldr	r3, [r3, #0]
   b42b2:	6a1b      	ldr	r3, [r3, #32]
   b42b4:	9301      	str	r3, [sp, #4]
   b42b6:	bd08      	pop	{r3, pc}
   b42b8:	0003024c 	.word	0x0003024c

000b42bc <set_system_mode>:
#endif

DYNALIB_BEGIN(system)

DYNALIB_FN(0, system, system_mode, System_Mode_TypeDef(void))
DYNALIB_FN(1, system, set_system_mode, void(System_Mode_TypeDef))
   b42bc:	b508      	push	{r3, lr}
   b42be:	4b02      	ldr	r3, [pc, #8]	; (b42c8 <set_system_mode+0xc>)
   b42c0:	681b      	ldr	r3, [r3, #0]
   b42c2:	685b      	ldr	r3, [r3, #4]
   b42c4:	9301      	str	r3, [sp, #4]
   b42c6:	bd08      	pop	{r3, pc}
   b42c8:	00030220 	.word	0x00030220

000b42cc <system_thread_set_state>:
DYNALIB_FN(6, system, system_sleep, int(Spark_Sleep_TypeDef, long, uint32_t, void*))
DYNALIB_FN(7, system, system_sleep_pin, int(uint16_t, uint16_t, long, uint32_t, void*))
DYNALIB_FN(8, system, system_subscribe_event, int(system_event_t, system_event_handler_t*, SystemEventContext*))
DYNALIB_FN(9, system, system_unsubscribe_event, void(system_event_t, system_event_handler_t*, const SystemEventContext*))
DYNALIB_FN(10, system, system_button_pushed_duration, uint16_t(uint8_t, void*))
DYNALIB_FN(11, system, system_thread_set_state, void(spark::feature::State, void*))
   b42cc:	b508      	push	{r3, lr}
   b42ce:	4b02      	ldr	r3, [pc, #8]	; (b42d8 <system_thread_set_state+0xc>)
   b42d0:	681b      	ldr	r3, [r3, #0]
   b42d2:	6adb      	ldr	r3, [r3, #44]	; 0x2c
   b42d4:	9301      	str	r3, [sp, #4]
   b42d6:	bd08      	pop	{r3, pc}
   b42d8:	00030220 	.word	0x00030220

000b42dc <system_ctrl_set_app_request_handler>:
DYNALIB_FN(BASE_IDX + 6, system, led_pattern_period, uint16_t(int, int, void*))
DYNALIB_FN(BASE_IDX + 7, system, system_set_tester_handlers, int(system_tester_handlers_t*, void*))
DYNALIB_FN(BASE_IDX + 8, system, system_format_diag_data, int(const uint16_t*, size_t, unsigned, appender_fn, void*, void*))

// Control requests
DYNALIB_FN(BASE_IDX + 9, system, system_ctrl_set_app_request_handler, int(ctrl_request_handler_fn, void*))
   b42dc:	b508      	push	{r3, lr}
   b42de:	4b03      	ldr	r3, [pc, #12]	; (b42ec <system_ctrl_set_app_request_handler+0x10>)
   b42e0:	681b      	ldr	r3, [r3, #0]
   b42e2:	f8d3 3088 	ldr.w	r3, [r3, #136]	; 0x88
   b42e6:	9301      	str	r3, [sp, #4]
   b42e8:	bd08      	pop	{r3, pc}
   b42ea:	0000      	.short	0x0000
   b42ec:	00030220 	.word	0x00030220

000b42f0 <system_ctrl_set_result>:
DYNALIB_FN(BASE_IDX + 10, system, system_ctrl_alloc_reply_data, int(ctrl_request*, size_t, void*))
DYNALIB_FN(BASE_IDX + 11, system, system_ctrl_free_request_data, void(ctrl_request*, void*))
DYNALIB_FN(BASE_IDX + 12, system, system_ctrl_set_result, void(ctrl_request*, int, ctrl_completion_handler_fn, void*, void*))
   b42f0:	b508      	push	{r3, lr}
   b42f2:	4b03      	ldr	r3, [pc, #12]	; (b4300 <system_ctrl_set_result+0x10>)
   b42f4:	681b      	ldr	r3, [r3, #0]
   b42f6:	f8d3 3094 	ldr.w	r3, [r3, #148]	; 0x94
   b42fa:	9301      	str	r3, [sp, #4]
   b42fc:	bd08      	pop	{r3, pc}
   b42fe:	0000      	.short	0x0000
   b4300:	00030220 	.word	0x00030220

000b4304 <spark_set_random_seed_from_cloud_handler>:
DYNALIB_FN(10, system_cloud, spark_unsubscribe, void(void*))
DYNALIB_FN(11, system_cloud, spark_sync_time, bool(void*))
DYNALIB_FN(12, system_cloud, spark_sync_time_pending, bool(void*))
DYNALIB_FN(13, system_cloud, spark_sync_time_last, system_tick_t(time32_t*, time_t*))
DYNALIB_FN(14, system_cloud, spark_set_connection_property, int(unsigned, unsigned, const void*, void*))
DYNALIB_FN(15, system_cloud, spark_set_random_seed_from_cloud_handler, int(void (*handler)(unsigned int), void*))
   b4304:	b508      	push	{r3, lr}
   b4306:	4b02      	ldr	r3, [pc, #8]	; (b4310 <spark_set_random_seed_from_cloud_handler+0xc>)
   b4308:	681b      	ldr	r3, [r3, #0]
   b430a:	6bdb      	ldr	r3, [r3, #60]	; 0x3c
   b430c:	9301      	str	r3, [sp, #4]
   b430e:	bd08      	pop	{r3, pc}
   b4310:	00030244 	.word	0x00030244

000b4314 <network_connect>:
#endif

DYNALIB_BEGIN(system_net)

DYNALIB_FN(0, system_net, network_config, const void*(network_handle_t, uint32_t, void*))
DYNALIB_FN(1, system_net, network_connect, void(network_handle_t, uint32_t, uint32_t, void*))
   b4314:	b508      	push	{r3, lr}
   b4316:	4b02      	ldr	r3, [pc, #8]	; (b4320 <network_connect+0xc>)
   b4318:	681b      	ldr	r3, [r3, #0]
   b431a:	685b      	ldr	r3, [r3, #4]
   b431c:	9301      	str	r3, [sp, #4]
   b431e:	bd08      	pop	{r3, pc}
   b4320:	00030240 	.word	0x00030240

000b4324 <network_connecting>:
DYNALIB_FN(2, system_net, network_connecting, bool(network_handle_t, uint32_t, void*))
   b4324:	b508      	push	{r3, lr}
   b4326:	4b02      	ldr	r3, [pc, #8]	; (b4330 <network_connecting+0xc>)
   b4328:	681b      	ldr	r3, [r3, #0]
   b432a:	689b      	ldr	r3, [r3, #8]
   b432c:	9301      	str	r3, [sp, #4]
   b432e:	bd08      	pop	{r3, pc}
   b4330:	00030240 	.word	0x00030240

000b4334 <network_disconnect>:
DYNALIB_FN(3, system_net, network_disconnect, void(network_handle_t, uint32_t, void*))
   b4334:	b508      	push	{r3, lr}
   b4336:	4b02      	ldr	r3, [pc, #8]	; (b4340 <network_disconnect+0xc>)
   b4338:	681b      	ldr	r3, [r3, #0]
   b433a:	68db      	ldr	r3, [r3, #12]
   b433c:	9301      	str	r3, [sp, #4]
   b433e:	bd08      	pop	{r3, pc}
   b4340:	00030240 	.word	0x00030240

000b4344 <network_ready>:
DYNALIB_FN(4, system_net, network_ready, bool(network_handle_t, uint32_t, void*))
   b4344:	b508      	push	{r3, lr}
   b4346:	4b02      	ldr	r3, [pc, #8]	; (b4350 <network_ready+0xc>)
   b4348:	681b      	ldr	r3, [r3, #0]
   b434a:	691b      	ldr	r3, [r3, #16]
   b434c:	9301      	str	r3, [sp, #4]
   b434e:	bd08      	pop	{r3, pc}
   b4350:	00030240 	.word	0x00030240

000b4354 <network_on>:
DYNALIB_FN(5, system_net, network_on, void(network_handle_t, uint32_t, uint32_t, void*))
   b4354:	b508      	push	{r3, lr}
   b4356:	4b02      	ldr	r3, [pc, #8]	; (b4360 <network_on+0xc>)
   b4358:	681b      	ldr	r3, [r3, #0]
   b435a:	695b      	ldr	r3, [r3, #20]
   b435c:	9301      	str	r3, [sp, #4]
   b435e:	bd08      	pop	{r3, pc}
   b4360:	00030240 	.word	0x00030240

000b4364 <network_off>:
DYNALIB_FN(6, system_net, network_off, void(network_handle_t, uint32_t, uint32_t, void*))
   b4364:	b508      	push	{r3, lr}
   b4366:	4b02      	ldr	r3, [pc, #8]	; (b4370 <network_off+0xc>)
   b4368:	681b      	ldr	r3, [r3, #0]
   b436a:	699b      	ldr	r3, [r3, #24]
   b436c:	9301      	str	r3, [sp, #4]
   b436e:	bd08      	pop	{r3, pc}
   b4370:	00030240 	.word	0x00030240

000b4374 <network_listen>:
DYNALIB_FN(7, system_net, network_listen, void(network_handle_t, uint32_t, void*))
   b4374:	b508      	push	{r3, lr}
   b4376:	4b02      	ldr	r3, [pc, #8]	; (b4380 <network_listen+0xc>)
   b4378:	681b      	ldr	r3, [r3, #0]
   b437a:	69db      	ldr	r3, [r3, #28]
   b437c:	9301      	str	r3, [sp, #4]
   b437e:	bd08      	pop	{r3, pc}
   b4380:	00030240 	.word	0x00030240

000b4384 <network_listening>:
DYNALIB_FN(8, system_net, network_listening, bool(network_handle_t, uint32_t, void*))
   b4384:	b508      	push	{r3, lr}
   b4386:	4b02      	ldr	r3, [pc, #8]	; (b4390 <network_listening+0xc>)
   b4388:	681b      	ldr	r3, [r3, #0]
   b438a:	6a1b      	ldr	r3, [r3, #32]
   b438c:	9301      	str	r3, [sp, #4]
   b438e:	bd08      	pop	{r3, pc}
   b4390:	00030240 	.word	0x00030240

000b4394 <network_set_listen_timeout>:
DYNALIB_FN(9, system_net, network_has_credentials, bool(network_handle_t, uint32_t, void*))
DYNALIB_FN(10, system_net, network_set_credentials, int(network_handle_t, uint32_t, NetworkCredentials*, void*))
DYNALIB_FN(11, system_net, network_clear_credentials, bool(network_handle_t, uint32_t, NetworkCredentials*, void*))
DYNALIB_FN(12, system_net, network_set_listen_timeout, void(network_handle_t, uint16_t, void*))
   b4394:	b508      	push	{r3, lr}
   b4396:	4b02      	ldr	r3, [pc, #8]	; (b43a0 <network_set_listen_timeout+0xc>)
   b4398:	681b      	ldr	r3, [r3, #0]
   b439a:	6b1b      	ldr	r3, [r3, #48]	; 0x30
   b439c:	9301      	str	r3, [sp, #4]
   b439e:	bd08      	pop	{r3, pc}
   b43a0:	00030240 	.word	0x00030240

000b43a4 <network_get_listen_timeout>:
DYNALIB_FN(13, system_net, network_get_listen_timeout, uint16_t(network_handle_t, uint32_t, void*))
   b43a4:	b508      	push	{r3, lr}
   b43a6:	4b02      	ldr	r3, [pc, #8]	; (b43b0 <network_get_listen_timeout+0xc>)
   b43a8:	681b      	ldr	r3, [r3, #0]
   b43aa:	6b5b      	ldr	r3, [r3, #52]	; 0x34
   b43ac:	9301      	str	r3, [sp, #4]
   b43ae:	bd08      	pop	{r3, pc}
   b43b0:	00030240 	.word	0x00030240

000b43b4 <network_is_on>:
DYNALIB_FN(14, system_net, network_set_hostname, int(network_handle_t, uint32_t, const char*, void*))
DYNALIB_FN(15, system_net, network_get_hostname, int(network_handle_t, uint32_t, char*, size_t, void*))
DYNALIB_FN(16, system_net, network_is_on, bool(network_handle_t, void*))
   b43b4:	b508      	push	{r3, lr}
   b43b6:	4b02      	ldr	r3, [pc, #8]	; (b43c0 <network_is_on+0xc>)
   b43b8:	681b      	ldr	r3, [r3, #0]
   b43ba:	6c1b      	ldr	r3, [r3, #64]	; 0x40
   b43bc:	9301      	str	r3, [sp, #4]
   b43be:	bd08      	pop	{r3, pc}
   b43c0:	00030240 	.word	0x00030240

000b43c4 <network_is_off>:
DYNALIB_FN(17, system_net, network_is_off, bool(network_handle_t, void*))
   b43c4:	b508      	push	{r3, lr}
   b43c6:	4b02      	ldr	r3, [pc, #8]	; (b43d0 <network_is_off+0xc>)
   b43c8:	681b      	ldr	r3, [r3, #0]
   b43ca:	6c5b      	ldr	r3, [r3, #68]	; 0x44
   b43cc:	9301      	str	r3, [sp, #4]
   b43ce:	bd08      	pop	{r3, pc}
   b43d0:	00030240 	.word	0x00030240

000b43d4 <malloc>:
#include "hal_platform.h"
#endif // defined(DYNALIB_EXPORT) || (defined(DYNALIB_IMPORT) && !defined(RT_DYNALIB_NO_DEPENDENCY_BREAKING_IMPORTS))

DYNALIB_BEGIN(rt)

DYNALIB_FN(0, rt, malloc, void*(size_t))
   b43d4:	b508      	push	{r3, lr}
   b43d6:	4b02      	ldr	r3, [pc, #8]	; (b43e0 <malloc+0xc>)
   b43d8:	681b      	ldr	r3, [r3, #0]
   b43da:	681b      	ldr	r3, [r3, #0]
   b43dc:	9301      	str	r3, [sp, #4]
   b43de:	bd08      	pop	{r3, pc}
   b43e0:	0003021c 	.word	0x0003021c

000b43e4 <free>:
DYNALIB_FN(1, rt, free, void(void*))
   b43e4:	b508      	push	{r3, lr}
   b43e6:	4b02      	ldr	r3, [pc, #8]	; (b43f0 <free+0xc>)
   b43e8:	681b      	ldr	r3, [r3, #0]
   b43ea:	685b      	ldr	r3, [r3, #4]
   b43ec:	9301      	str	r3, [sp, #4]
   b43ee:	bd08      	pop	{r3, pc}
   b43f0:	0003021c 	.word	0x0003021c

000b43f4 <__assert_func>:
DYNALIB_FN(13, rt, _free_r, void(struct _reent*, void*))
DYNALIB_FN(14, rt, _realloc_r, void*(struct _reent*, void*, size_t))
DYNALIB_FN(15, rt, __errno, int*())

#if defined(DYNALIB_EXPORT) || (defined(DYNALIB_IMPORT) && !defined(RT_DYNALIB_NO_DEPENDENCY_BREAKING_IMPORTS))
DYNALIB_FN(16, rt, __assert_func, void(const char*, int, const char*, const char*))
   b43f4:	b508      	push	{r3, lr}
   b43f6:	4b02      	ldr	r3, [pc, #8]	; (b4400 <__assert_func+0xc>)
   b43f8:	681b      	ldr	r3, [r3, #0]
   b43fa:	6c1b      	ldr	r3, [r3, #64]	; 0x40
   b43fc:	9301      	str	r3, [sp, #4]
   b43fe:	bd08      	pop	{r3, pc}
   b4400:	0003021c 	.word	0x0003021c

000b4404 <newlib_impure_ptr_callback>:
DYNALIB_FN(17, rt, newlib_impure_ptr_callback, void(void (*)(struct _reent*, size_t, uint32_t, void*), void*))
   b4404:	b508      	push	{r3, lr}
   b4406:	4b02      	ldr	r3, [pc, #8]	; (b4410 <newlib_impure_ptr_callback+0xc>)
   b4408:	681b      	ldr	r3, [r3, #0]
   b440a:	6c5b      	ldr	r3, [r3, #68]	; 0x44
   b440c:	9301      	str	r3, [sp, #4]
   b440e:	bd08      	pop	{r3, pc}
   b4410:	0003021c 	.word	0x0003021c

000b4414 <_GLOBAL__sub_I__ZN8particle3ble13WiringBleLock6mutex_E>:
    /**
     * Creates a shared mutex.
     */
    RecursiveMutex(os_mutex_recursive_t handle) : handle_(handle) {}

    RecursiveMutex() : handle_(nullptr)
   b4414:	4802      	ldr	r0, [pc, #8]	; (b4420 <_GLOBAL__sub_I__ZN8particle3ble13WiringBleLock6mutex_E+0xc>)
   b4416:	2300      	movs	r3, #0
   b4418:	6003      	str	r3, [r0, #0]
    {
        os_mutex_recursive_create(&handle_);
   b441a:	f7ff bea7 	b.w	b416c <os_mutex_recursive_create>
   b441e:	bf00      	nop
   b4420:	2003e6dc 	.word	0x2003e6dc

000b4424 <_ZN5spark13EthernetClass9listeningEv>:
    uint16_t getListenTimeout(void) {
        return network_get_listen_timeout(*this, 0, NULL);
    }

    bool listening(void) {
        return network_listening(*this, 0, NULL);
   b4424:	2200      	movs	r2, #0
   b4426:	6840      	ldr	r0, [r0, #4]
   b4428:	4611      	mov	r1, r2
   b442a:	f7ff bfab 	b.w	b4384 <network_listening>

000b442e <_ZN5spark13EthernetClass16getListenTimeoutEv>:
        return network_get_listen_timeout(*this, 0, NULL);
   b442e:	2200      	movs	r2, #0
   b4430:	6840      	ldr	r0, [r0, #4]
   b4432:	4611      	mov	r1, r2
   b4434:	f7ff bfb6 	b.w	b43a4 <network_get_listen_timeout>

000b4438 <_ZN5spark13EthernetClass16setListenTimeoutEt>:
        network_set_listen_timeout(*this, timeout, NULL);
   b4438:	6840      	ldr	r0, [r0, #4]
   b443a:	2200      	movs	r2, #0
   b443c:	f7ff bfaa 	b.w	b4394 <network_set_listen_timeout>

000b4440 <_ZN5spark13EthernetClass6listenEb>:
        network_listen(*this, begin ? 0 : 1, NULL);
   b4440:	6840      	ldr	r0, [r0, #4]
   b4442:	2200      	movs	r2, #0
   b4444:	f081 0101 	eor.w	r1, r1, #1
   b4448:	f7ff bf94 	b.w	b4374 <network_listen>

000b444c <_ZN5spark13EthernetClass3offEv>:
        network_off(*this, 0, 0, NULL);
   b444c:	2300      	movs	r3, #0
   b444e:	6840      	ldr	r0, [r0, #4]
   b4450:	461a      	mov	r2, r3
   b4452:	4619      	mov	r1, r3
   b4454:	f7ff bf86 	b.w	b4364 <network_off>

000b4458 <_ZN5spark13EthernetClass2onEv>:
        network_on(*this, 0, 0, NULL);
   b4458:	2300      	movs	r3, #0
   b445a:	6840      	ldr	r0, [r0, #4]
   b445c:	461a      	mov	r2, r3
   b445e:	4619      	mov	r1, r3
   b4460:	f7ff bf78 	b.w	b4354 <network_on>

000b4464 <_ZN5spark13EthernetClass5readyEv>:
    }

    bool ready() {
        return network_ready(*this, 0,  NULL);
   b4464:	2200      	movs	r2, #0
   b4466:	6840      	ldr	r0, [r0, #4]
   b4468:	4611      	mov	r1, r2
   b446a:	f7ff bf6b 	b.w	b4344 <network_ready>

000b446e <_ZN5spark13EthernetClass10connectingEv>:
        return network_connecting(*this, 0, NULL);
   b446e:	2200      	movs	r2, #0
   b4470:	6840      	ldr	r0, [r0, #4]
   b4472:	4611      	mov	r1, r2
   b4474:	f7ff bf56 	b.w	b4324 <network_connecting>

000b4478 <_ZN5spark13EthernetClass10disconnectEv>:
        network_disconnect(*this, NETWORK_DISCONNECT_REASON_USER, NULL);
   b4478:	6840      	ldr	r0, [r0, #4]
   b447a:	2200      	movs	r2, #0
   b447c:	2102      	movs	r1, #2
   b447e:	f7ff bf59 	b.w	b4334 <network_disconnect>

000b4482 <_ZN5spark13EthernetClass7connectEj>:
        network_connect(*this, flags, 0, NULL);
   b4482:	2300      	movs	r3, #0
   b4484:	6840      	ldr	r0, [r0, #4]
   b4486:	461a      	mov	r2, r3
   b4488:	f7ff bf44 	b.w	b4314 <network_connect>

000b448c <_GLOBAL__sub_I__ZN5spark8EthernetE>:
    static NetworkClass& from(network_interface_t nif);

    virtual IPAddress resolve(const char* name);

    explicit NetworkClass(network_interface_t iface)
            : iface_(iface) {
   b448c:	4b02      	ldr	r3, [pc, #8]	; (b4498 <_GLOBAL__sub_I__ZN5spark8EthernetE+0xc>)
   b448e:	2203      	movs	r2, #3
   b4490:	605a      	str	r2, [r3, #4]
            NetworkClass(NETWORK_INTERFACE_ETHERNET) {
   b4492:	4a02      	ldr	r2, [pc, #8]	; (b449c <_GLOBAL__sub_I__ZN5spark8EthernetE+0x10>)
   b4494:	601a      	str	r2, [r3, #0]

namespace spark {

EthernetClass Ethernet;

} // spark
   b4496:	4770      	bx	lr
   b4498:	2003e6e0 	.word	0x2003e6e0
   b449c:	000b4d78 	.word	0x000b4d78

000b44a0 <_ZN9IPAddressD1Ev>:
    IPAddress(uint32_t address);
    // 4 bytes defining the IP address in network order
    IPAddress(const uint8_t* address);
    IPAddress(const HAL_IPAddress& address);

    virtual ~IPAddress() {}
   b44a0:	4770      	bx	lr

000b44a2 <_ZN9IPAddressD0Ev>:
   b44a2:	b510      	push	{r4, lr}
   b44a4:	2118      	movs	r1, #24
   b44a6:	4604      	mov	r4, r0
   b44a8:	f7ff fdfd 	bl	b40a6 <_ZdlPvj>
   b44ac:	4620      	mov	r0, r4
   b44ae:	bd10      	pop	{r4, pc}

000b44b0 <_ZNK9IPAddress7printToER5Print>:
#endif // Wiring_IPv6
	return address.ipv4==that.address.ipv4;
}

size_t IPAddress::printTo(Print& p) const
{
   b44b0:	b5f0      	push	{r4, r5, r6, r7, lr}
#if Wiring_IPv6
#if HAL_USE_INET_HAL_POSIX
	if (address.v==6) {
   b44b2:	7d03      	ldrb	r3, [r0, #20]
   b44b4:	2b06      	cmp	r3, #6
{
   b44b6:	b08d      	sub	sp, #52	; 0x34
   b44b8:	460e      	mov	r6, r1
		char buf[INET6_ADDRSTRLEN+1];
		buf[0] = 0;
		inet_inet_ntop(AF_INET6, address.ipv6, buf, sizeof(buf));
   b44ba:	f100 0704 	add.w	r7, r0, #4
   b44be:	f04f 0400 	mov.w	r4, #0
	if (address.v==6) {
   b44c2:	d012      	beq.n	b44ea <_ZNK9IPAddress7printToER5Print+0x3a>
   b44c4:	f100 0508 	add.w	r5, r0, #8
            val = n;
        }
#if __GNUC__ >= 9
#pragma GCC diagnostic pop
#endif // __GNUC__ >= 9
        return printNumber(val, base) + t;
   b44c8:	f815 1d01 	ldrb.w	r1, [r5, #-1]!
   b44cc:	220a      	movs	r2, #10
   b44ce:	4630      	mov	r0, r6
   b44d0:	f000 f959 	bl	b4786 <_ZN5Print11printNumberEmh>
#else
#pragma message "HAL_USE_INET_HAL_POSIX is required for IPv6 support in IPAddress::printTo()"
#endif // HAL_USE_INET_HAL_POSIX
#endif // Wiring_IPv6
    size_t n = 0;
    for (int i = 0; i < 4; i++)
   b44d4:	42af      	cmp	r7, r5
    {
        if (n)
            n += p.print('.');
        n += p.print((*this)[i], DEC);
   b44d6:	4404      	add	r4, r0
    for (int i = 0; i < 4; i++)
   b44d8:	d019      	beq.n	b450e <_ZNK9IPAddress7printToER5Print+0x5e>
        if (n)
   b44da:	2c00      	cmp	r4, #0
   b44dc:	d0f4      	beq.n	b44c8 <_ZNK9IPAddress7printToER5Print+0x18>
            n += p.print('.');
   b44de:	212e      	movs	r1, #46	; 0x2e
   b44e0:	4630      	mov	r0, r6
   b44e2:	f000 f937 	bl	b4754 <_ZN5Print5printEc>
   b44e6:	4404      	add	r4, r0
   b44e8:	e7ee      	b.n	b44c8 <_ZNK9IPAddress7printToER5Print+0x18>
		inet_inet_ntop(AF_INET6, address.ipv6, buf, sizeof(buf));
   b44ea:	232f      	movs	r3, #47	; 0x2f
   b44ec:	466a      	mov	r2, sp
   b44ee:	4639      	mov	r1, r7
   b44f0:	200a      	movs	r0, #10
		buf[0] = 0;
   b44f2:	f88d 4000 	strb.w	r4, [sp]
		inet_inet_ntop(AF_INET6, address.ipv6, buf, sizeof(buf));
   b44f6:	f7ff fe51 	bl	b419c <inet_inet_ntop>
      return write((const uint8_t *)str, strlen(str));
   b44fa:	4668      	mov	r0, sp
   b44fc:	f7ff fd8e 	bl	b401c <strlen>
   b4500:	6833      	ldr	r3, [r6, #0]
   b4502:	4602      	mov	r2, r0
   b4504:	68db      	ldr	r3, [r3, #12]
   b4506:	4669      	mov	r1, sp
   b4508:	4630      	mov	r0, r6
   b450a:	4798      	blx	r3
   b450c:	4604      	mov	r4, r0
    }
    return n;
}
   b450e:	4620      	mov	r0, r4
   b4510:	b00d      	add	sp, #52	; 0x34
   b4512:	bdf0      	pop	{r4, r5, r6, r7, pc}

000b4514 <_ZN9IPAddressC1Ev>:
IPAddress::IPAddress()
   b4514:	b510      	push	{r4, lr}
   b4516:	4b05      	ldr	r3, [pc, #20]	; (b452c <_ZN9IPAddressC1Ev+0x18>)
   b4518:	4604      	mov	r4, r0
        return address;
    }

    virtual size_t printTo(Print& p) const;

    void clear() { memset(&address, 0, sizeof (address)); }
   b451a:	2211      	movs	r2, #17
   b451c:	f840 3b04 	str.w	r3, [r0], #4
   b4520:	2100      	movs	r1, #0
   b4522:	f000 fb7f 	bl	b4c24 <memset>
}
   b4526:	4620      	mov	r0, r4
   b4528:	bd10      	pop	{r4, pc}
   b452a:	bf00      	nop
   b452c:	000b4db4 	.word	0x000b4db4

000b4530 <_ZN9IPAddressC1ERK16_HAL_IPAddress_t>:
IPAddress::IPAddress(const HAL_IPAddress& address)
   b4530:	4603      	mov	r3, r0
   b4532:	4a07      	ldr	r2, [pc, #28]	; (b4550 <_ZN9IPAddressC1ERK16_HAL_IPAddress_t+0x20>)
   b4534:	b510      	push	{r4, lr}
   b4536:	f843 2b04 	str.w	r2, [r3], #4
    memcpy(&this->address, &address, sizeof(address));
   b453a:	f101 0210 	add.w	r2, r1, #16
   b453e:	f851 4b04 	ldr.w	r4, [r1], #4
   b4542:	f843 4b04 	str.w	r4, [r3], #4
   b4546:	4291      	cmp	r1, r2
   b4548:	d1f9      	bne.n	b453e <_ZN9IPAddressC1ERK16_HAL_IPAddress_t+0xe>
   b454a:	780a      	ldrb	r2, [r1, #0]
   b454c:	701a      	strb	r2, [r3, #0]
}
   b454e:	bd10      	pop	{r4, pc}
   b4550:	000b4db4 	.word	0x000b4db4

000b4554 <_ZN9IPAddress8set_ipv4Ehhhh>:
{
   b4554:	b510      	push	{r4, lr}
    address.ipv4 = b0<<24 | b1 << 16 | b2 << 8 | b3;
   b4556:	f89d 4008 	ldrb.w	r4, [sp, #8]
   b455a:	ea44 2303 	orr.w	r3, r4, r3, lsl #8
   b455e:	ea43 4202 	orr.w	r2, r3, r2, lsl #16
   b4562:	ea42 6101 	orr.w	r1, r2, r1, lsl #24
        address.v = version;
   b4566:	2304      	movs	r3, #4
   b4568:	6041      	str	r1, [r0, #4]
   b456a:	7503      	strb	r3, [r0, #20]
}
   b456c:	bd10      	pop	{r4, pc}
	...

000b4570 <_ZN9IPAddressC1EPKh>:
IPAddress::IPAddress(const uint8_t* addr)
   b4570:	b507      	push	{r0, r1, r2, lr}
   b4572:	4b06      	ldr	r3, [pc, #24]	; (b458c <_ZN9IPAddressC1EPKh+0x1c>)
   b4574:	6003      	str	r3, [r0, #0]
    set_ipv4(addr[0], addr[1], addr[2], addr[3]);
   b4576:	78cb      	ldrb	r3, [r1, #3]
   b4578:	9300      	str	r3, [sp, #0]
   b457a:	788b      	ldrb	r3, [r1, #2]
   b457c:	784a      	ldrb	r2, [r1, #1]
   b457e:	7809      	ldrb	r1, [r1, #0]
   b4580:	f7ff ffe8 	bl	b4554 <_ZN9IPAddress8set_ipv4Ehhhh>
}
   b4584:	b003      	add	sp, #12
   b4586:	f85d fb04 	ldr.w	pc, [sp], #4
   b458a:	bf00      	nop
   b458c:	000b4db4 	.word	0x000b4db4

000b4590 <_GLOBAL__sub_I__ZN5spark3LogE>:
    // This handler doesn't support direct logging
}

// spark::Logger
inline spark::Logger::Logger(const char *name) :
        name_(name) {
   b4590:	4b01      	ldr	r3, [pc, #4]	; (b4598 <_GLOBAL__sub_I__ZN5spark3LogE+0x8>)
   b4592:	4a02      	ldr	r2, [pc, #8]	; (b459c <_GLOBAL__sub_I__ZN5spark3LogE+0xc>)
   b4594:	601a      	str	r2, [r3, #0]
#if Wiring_LogConfig

// spark::
void spark::logProcessControlRequest(ctrl_request* req) {
    JSONRequestHandler::process(req);
}
   b4596:	4770      	bx	lr
   b4598:	2003e6e8 	.word	0x2003e6e8
   b459c:	000b4dc0 	.word	0x000b4dc0

000b45a0 <_ZN5spark12NetworkClass7connectEj>:
        return Network;
    }
}

void NetworkClass::connect(unsigned flags) {
    network_connect(*this, flags, 0, nullptr);
   b45a0:	2300      	movs	r3, #0
   b45a2:	6840      	ldr	r0, [r0, #4]
   b45a4:	461a      	mov	r2, r3
   b45a6:	f7ff beb5 	b.w	b4314 <network_connect>

000b45aa <_ZN5spark12NetworkClass10disconnectEv>:
}

void NetworkClass::disconnect() {
    network_disconnect(*this, NETWORK_DISCONNECT_REASON_USER, nullptr);
   b45aa:	6840      	ldr	r0, [r0, #4]
   b45ac:	2200      	movs	r2, #0
   b45ae:	2102      	movs	r1, #2
   b45b0:	f7ff bec0 	b.w	b4334 <network_disconnect>

000b45b4 <_ZN5spark12NetworkClass10connectingEv>:
}

bool NetworkClass::connecting() {
    return network_connecting(*this, 0, nullptr);
   b45b4:	2200      	movs	r2, #0
   b45b6:	6840      	ldr	r0, [r0, #4]
   b45b8:	4611      	mov	r1, r2
   b45ba:	f7ff beb3 	b.w	b4324 <network_connecting>

000b45be <_ZN5spark12NetworkClass5readyEv>:
}

bool NetworkClass::ready() {
    return network_ready(*this, 0, nullptr);
   b45be:	2200      	movs	r2, #0
   b45c0:	6840      	ldr	r0, [r0, #4]
   b45c2:	4611      	mov	r1, r2
   b45c4:	f7ff bebe 	b.w	b4344 <network_ready>

000b45c8 <_ZN5spark12NetworkClass2onEv>:
}

void NetworkClass::on() {
    network_on(*this, 0, 0, nullptr);
   b45c8:	2300      	movs	r3, #0
   b45ca:	6840      	ldr	r0, [r0, #4]
   b45cc:	461a      	mov	r2, r3
   b45ce:	4619      	mov	r1, r3
   b45d0:	f7ff bec0 	b.w	b4354 <network_on>

000b45d4 <_ZN5spark12NetworkClass3offEv>:
}

void NetworkClass::off() {
    network_off(*this, 0, 0, nullptr);
   b45d4:	2300      	movs	r3, #0
   b45d6:	6840      	ldr	r0, [r0, #4]
   b45d8:	461a      	mov	r2, r3
   b45da:	4619      	mov	r1, r3
   b45dc:	f7ff bec2 	b.w	b4364 <network_off>

000b45e0 <_ZN5spark12NetworkClass4isOnEv>:
}

bool NetworkClass::isOn() {
    return network_is_on(*this, nullptr);
   b45e0:	6840      	ldr	r0, [r0, #4]
   b45e2:	2100      	movs	r1, #0
   b45e4:	f7ff bee6 	b.w	b43b4 <network_is_on>

000b45e8 <_ZN5spark12NetworkClass5isOffEv>:
}

bool NetworkClass::isOff() {
    return network_is_off(*this, nullptr);
   b45e8:	6840      	ldr	r0, [r0, #4]
   b45ea:	2100      	movs	r1, #0
   b45ec:	f7ff beea 	b.w	b43c4 <network_is_off>

000b45f0 <_ZN5spark12NetworkClass6listenEb>:
}

void NetworkClass::listen(bool begin) {
    network_listen(*this, begin ? 0 : 1, nullptr);
   b45f0:	6840      	ldr	r0, [r0, #4]
   b45f2:	2200      	movs	r2, #0
   b45f4:	f081 0101 	eor.w	r1, r1, #1
   b45f8:	f7ff bebc 	b.w	b4374 <network_listen>

000b45fc <_ZN5spark12NetworkClass16setListenTimeoutEt>:
}

void NetworkClass::setListenTimeout(uint16_t timeout) {
    network_set_listen_timeout(*this, timeout, nullptr);
   b45fc:	6840      	ldr	r0, [r0, #4]
   b45fe:	2200      	movs	r2, #0
   b4600:	f7ff bec8 	b.w	b4394 <network_set_listen_timeout>

000b4604 <_ZN5spark12NetworkClass16getListenTimeoutEv>:
}

uint16_t NetworkClass::getListenTimeout() {
    return network_get_listen_timeout(*this, 0, nullptr);
   b4604:	2200      	movs	r2, #0
   b4606:	6840      	ldr	r0, [r0, #4]
   b4608:	4611      	mov	r1, r2
   b460a:	f7ff becb 	b.w	b43a4 <network_get_listen_timeout>

000b460e <_ZN5spark12NetworkClass9listeningEv>:
}

bool NetworkClass::listening() {
    return network_listening(*this, 0, nullptr);
   b460e:	2200      	movs	r2, #0
   b4610:	6840      	ldr	r0, [r0, #4]
   b4612:	4611      	mov	r1, r2
   b4614:	f7ff beb6 	b.w	b4384 <network_listening>

000b4618 <_ZN5spark12NetworkClass7resolveEPKc>:
}

IPAddress NetworkClass::resolve(const char* name) {
   b4618:	e92d 43f0 	stmdb	sp!, {r4, r5, r6, r7, r8, r9, lr}
   b461c:	b095      	sub	sp, #84	; 0x54
   b461e:	4614      	mov	r4, r2
   b4620:	460d      	mov	r5, r1
   b4622:	4607      	mov	r7, r0
    IPAddress addr;
   b4624:	f7ff ff76 	bl	b4514 <_ZN9IPAddressC1Ev>
#if HAL_USE_INET_HAL_POSIX
    struct addrinfo *ai = nullptr;
   b4628:	2100      	movs	r1, #0
    struct addrinfo hints = {};
   b462a:	221c      	movs	r2, #28
   b462c:	a80d      	add	r0, sp, #52	; 0x34
    struct addrinfo *ai = nullptr;
   b462e:	9100      	str	r1, [sp, #0]
    struct addrinfo hints = {};
   b4630:	f000 faf8 	bl	b4c24 <memset>
    hints.ai_flags = AI_ADDRCONFIG;
   b4634:	2340      	movs	r3, #64	; 0x40
   b4636:	930c      	str	r3, [sp, #48]	; 0x30
    hints.ai_family = AF_UNSPEC;
    const int r = getaddrinfo(name, nullptr, &hints, &ai);
   b4638:	4620      	mov	r0, r4
   b463a:	466b      	mov	r3, sp
   b463c:	aa0c      	add	r2, sp, #48	; 0x30
   b463e:	2100      	movs	r1, #0
   b4640:	f7ff fdbc 	bl	b41bc <netdb_getaddrinfo>
    if (!r) {
   b4644:	4604      	mov	r4, r0
   b4646:	2800      	cmp	r0, #0
   b4648:	d14b      	bne.n	b46e2 <_ZN5spark12NetworkClass7resolveEPKc+0xca>
        bool ok = false;
        // This is not really needed if AI_ADDRCONFIG is properly supported
        bool ipv4 = network_ready(*this, NETWORK_READY_TYPE_IPV4, nullptr);
   b464a:	4602      	mov	r2, r0
   b464c:	2101      	movs	r1, #1
   b464e:	6868      	ldr	r0, [r5, #4]
   b4650:	f7ff fe78 	bl	b4344 <network_ready>
        bool ipv6 = network_ready(*this, NETWORK_READY_TYPE_IPV6, nullptr);
   b4654:	2102      	movs	r1, #2
        bool ipv4 = network_ready(*this, NETWORK_READY_TYPE_IPV4, nullptr);
   b4656:	4680      	mov	r8, r0
        bool ipv6 = network_ready(*this, NETWORK_READY_TYPE_IPV6, nullptr);
   b4658:	4622      	mov	r2, r4
   b465a:	6868      	ldr	r0, [r5, #4]
   b465c:	f7ff fe72 	bl	b4344 <network_ready>
        for (auto cur = ai; cur != nullptr && !ok; cur = cur->ai_next) {
   b4660:	9e00      	ldr	r6, [sp, #0]
        bool ipv6 = network_ready(*this, NETWORK_READY_TYPE_IPV6, nullptr);
   b4662:	4681      	mov	r9, r0
        bool ok = false;
   b4664:	4621      	mov	r1, r4
        for (auto cur = ai; cur != nullptr && !ok; cur = cur->ai_next) {
   b4666:	2e00      	cmp	r6, #0
   b4668:	d03b      	beq.n	b46e2 <_ZN5spark12NetworkClass7resolveEPKc+0xca>
   b466a:	2900      	cmp	r1, #0
   b466c:	d139      	bne.n	b46e2 <_ZN5spark12NetworkClass7resolveEPKc+0xca>
            // NOTE: using only the first entry that matches the current state of IPv4/IPv6 connectivity
            switch (cur->ai_family) {
   b466e:	6873      	ldr	r3, [r6, #4]
   b4670:	2b02      	cmp	r3, #2
   b4672:	d003      	beq.n	b467c <_ZN5spark12NetworkClass7resolveEPKc+0x64>
   b4674:	2b0a      	cmp	r3, #10
   b4676:	d011      	beq.n	b469c <_ZN5spark12NetworkClass7resolveEPKc+0x84>
        for (auto cur = ai; cur != nullptr && !ok; cur = cur->ai_next) {
   b4678:	69f6      	ldr	r6, [r6, #28]
   b467a:	e7f4      	b.n	b4666 <_ZN5spark12NetworkClass7resolveEPKc+0x4e>
                case AF_INET: {
                    if (!ipv4) {
   b467c:	f1b8 0f00 	cmp.w	r8, #0
   b4680:	d0fa      	beq.n	b4678 <_ZN5spark12NetworkClass7resolveEPKc+0x60>
                        continue;
                    }
                    // NOTE: HAL_IPAddress is little-endian
                    auto in = (struct sockaddr_in*)cur->ai_addr;
                    addr = (const uint8_t*)(&in->sin_addr.s_addr);
   b4682:	6971      	ldr	r1, [r6, #20]
        return *this = IPAddress(address);
   b4684:	a806      	add	r0, sp, #24
   b4686:	3104      	adds	r1, #4
class IPAddress : public Printable {
   b4688:	ad07      	add	r5, sp, #28
        return *this = IPAddress(address);
   b468a:	f7ff ff71 	bl	b4570 <_ZN9IPAddressC1EPKh>
class IPAddress : public Printable {
   b468e:	cd0f      	ldmia	r5!, {r0, r1, r2, r3}
   b4690:	1d3c      	adds	r4, r7, #4
   b4692:	c40f      	stmia	r4!, {r0, r1, r2, r3}
   b4694:	682b      	ldr	r3, [r5, #0]
   b4696:	7023      	strb	r3, [r4, #0]
                    ok = true;
   b4698:	4641      	mov	r1, r8
        return *this = IPAddress(address);
   b469a:	e7ed      	b.n	b4678 <_ZN5spark12NetworkClass7resolveEPKc+0x60>
                    break;
                }
                case AF_INET6: {
                    if (!ipv6) {
   b469c:	f1b9 0f00 	cmp.w	r9, #0
   b46a0:	d0ea      	beq.n	b4678 <_ZN5spark12NetworkClass7resolveEPKc+0x60>
                        continue;
                    }
                    auto in6 = (struct sockaddr_in6*)cur->ai_addr;
   b46a2:	6974      	ldr	r4, [r6, #20]
                    HAL_IPAddress a = {};
   b46a4:	2210      	movs	r2, #16
   b46a6:	a801      	add	r0, sp, #4
   b46a8:	f000 fabc 	bl	b4c24 <memset>
                    a.v = 6;
   b46ac:	2306      	movs	r3, #6
   b46ae:	f88d 3014 	strb.w	r3, [sp, #20]
                    memcpy(a.ipv6, in6->sin6_addr.s6_addr, sizeof(a.ipv6));
   b46b2:	ad01      	add	r5, sp, #4
   b46b4:	f104 0308 	add.w	r3, r4, #8
   b46b8:	3418      	adds	r4, #24
   b46ba:	6818      	ldr	r0, [r3, #0]
   b46bc:	6859      	ldr	r1, [r3, #4]
   b46be:	462a      	mov	r2, r5
   b46c0:	c203      	stmia	r2!, {r0, r1}
   b46c2:	3308      	adds	r3, #8
   b46c4:	42a3      	cmp	r3, r4
   b46c6:	4615      	mov	r5, r2
   b46c8:	d1f7      	bne.n	b46ba <_ZN5spark12NetworkClass7resolveEPKc+0xa2>
                    addr = IPAddress(a);
   b46ca:	a901      	add	r1, sp, #4
   b46cc:	a806      	add	r0, sp, #24
class IPAddress : public Printable {
   b46ce:	ad07      	add	r5, sp, #28
   b46d0:	f7ff ff2e 	bl	b4530 <_ZN9IPAddressC1ERK16_HAL_IPAddress_t>
   b46d4:	cd0f      	ldmia	r5!, {r0, r1, r2, r3}
   b46d6:	1d3c      	adds	r4, r7, #4
   b46d8:	c40f      	stmia	r4!, {r0, r1, r2, r3}
   b46da:	682b      	ldr	r3, [r5, #0]
   b46dc:	7023      	strb	r3, [r4, #0]
                    ok = true;
   b46de:	4649      	mov	r1, r9
   b46e0:	e7ca      	b.n	b4678 <_ZN5spark12NetworkClass7resolveEPKc+0x60>
                    break;
                }
            }
        }
    }
    freeaddrinfo(ai);
   b46e2:	9800      	ldr	r0, [sp, #0]
   b46e4:	f7ff fd62 	bl	b41ac <netdb_freeaddrinfo>
    return Cellular.resolve(name);
#endif // Wiring_Cellular

#endif // HAL_USE_INET_HAL_POSIX
    return addr;
}
   b46e8:	4638      	mov	r0, r7
   b46ea:	b015      	add	sp, #84	; 0x54
   b46ec:	e8bd 83f0 	ldmia.w	sp!, {r4, r5, r6, r7, r8, r9, pc}

000b46f0 <_GLOBAL__sub_I__ZN5spark7NetworkE>:
   b46f0:	4b02      	ldr	r3, [pc, #8]	; (b46fc <_GLOBAL__sub_I__ZN5spark7NetworkE+0xc>)
   b46f2:	4a03      	ldr	r2, [pc, #12]	; (b4700 <_GLOBAL__sub_I__ZN5spark7NetworkE+0x10>)
   b46f4:	601a      	str	r2, [r3, #0]
   b46f6:	2200      	movs	r2, #0
   b46f8:	605a      	str	r2, [r3, #4]
    network_free_configuration(c, count, nullptr);
    return res;
}
#endif // HAL_USE_SOCKET_HAL_POSIX

} // spark
   b46fa:	4770      	bx	lr
   b46fc:	2003e6ec 	.word	0x2003e6ec
   b4700:	000b4dcc 	.word	0x000b4dcc

000b4704 <_ZN5Print5writeEPKhj>:

// Public Methods //////////////////////////////////////////////////////////////

/* default implementation: may be overridden */
size_t Print::write(const uint8_t *buffer, size_t size)
{
   b4704:	b5f8      	push	{r3, r4, r5, r6, r7, lr}
   b4706:	4606      	mov	r6, r0
   b4708:	460d      	mov	r5, r1
  size_t n = 0;
   b470a:	188f      	adds	r7, r1, r2
   b470c:	2400      	movs	r4, #0
  while (size--) {
   b470e:	42bd      	cmp	r5, r7
   b4710:	d00c      	beq.n	b472c <_ZN5Print5writeEPKhj+0x28>
     int chunk = write(*buffer++);
   b4712:	6833      	ldr	r3, [r6, #0]
   b4714:	f815 1b01 	ldrb.w	r1, [r5], #1
   b4718:	689b      	ldr	r3, [r3, #8]
   b471a:	4630      	mov	r0, r6
   b471c:	4798      	blx	r3
     if (chunk>=0)
   b471e:	1e03      	subs	r3, r0, #0
   b4720:	db01      	blt.n	b4726 <_ZN5Print5writeEPKhj+0x22>
         n += chunk;
   b4722:	441c      	add	r4, r3
  while (size--) {
   b4724:	e7f3      	b.n	b470e <_ZN5Print5writeEPKhj+0xa>
     int chunk = write(*buffer++);
   b4726:	2c00      	cmp	r4, #0
   b4728:	bf08      	it	eq
   b472a:	461c      	moveq	r4, r3
             n = chunk;
         break;
     }
  }
  return n;
}
   b472c:	4620      	mov	r0, r4
   b472e:	bdf8      	pop	{r3, r4, r5, r6, r7, pc}

000b4730 <_ZN5Print5writeEPKc>:
    size_t write(const char *str) {
   b4730:	b513      	push	{r0, r1, r4, lr}
   b4732:	4604      	mov	r4, r0
    }
   b4734:	4608      	mov	r0, r1
      if (str == NULL) return 0;
   b4736:	b159      	cbz	r1, b4750 <_ZN5Print5writeEPKc+0x20>
      return write((const uint8_t *)str, strlen(str));
   b4738:	9101      	str	r1, [sp, #4]
   b473a:	f7ff fc6f 	bl	b401c <strlen>
   b473e:	6823      	ldr	r3, [r4, #0]
   b4740:	9901      	ldr	r1, [sp, #4]
   b4742:	68db      	ldr	r3, [r3, #12]
   b4744:	4602      	mov	r2, r0
   b4746:	4620      	mov	r0, r4
    }
   b4748:	b002      	add	sp, #8
   b474a:	e8bd 4010 	ldmia.w	sp!, {r4, lr}
      return write((const uint8_t *)str, strlen(str));
   b474e:	4718      	bx	r3
    }
   b4750:	b002      	add	sp, #8
   b4752:	bd10      	pop	{r4, pc}

000b4754 <_ZN5Print5printEc>:
  return write(str);
}

size_t Print::print(char c)
{
  return write(c);
   b4754:	6803      	ldr	r3, [r0, #0]
   b4756:	689b      	ldr	r3, [r3, #8]
   b4758:	4718      	bx	r3

000b475a <_ZN5Print7printlnEv>:
{
  return print(reinterpret_cast<const char*>(str));
}

size_t Print::println(void)
{
   b475a:	b538      	push	{r3, r4, r5, lr}
  size_t n = print('\r');
   b475c:	210d      	movs	r1, #13
{
   b475e:	4605      	mov	r5, r0
  size_t n = print('\r');
   b4760:	f7ff fff8 	bl	b4754 <_ZN5Print5printEc>
  n += print('\n');
   b4764:	210a      	movs	r1, #10
  size_t n = print('\r');
   b4766:	4604      	mov	r4, r0
  n += print('\n');
   b4768:	4628      	mov	r0, r5
   b476a:	f7ff fff3 	bl	b4754 <_ZN5Print5printEc>
  return n;
}
   b476e:	4420      	add	r0, r4
   b4770:	bd38      	pop	{r3, r4, r5, pc}

000b4772 <_ZN5Print7printlnEc>:
  n += println();
  return n;
}

size_t Print::println(char c)
{
   b4772:	b538      	push	{r3, r4, r5, lr}
   b4774:	4605      	mov	r5, r0
  size_t n = print(c);
   b4776:	f7ff ffed 	bl	b4754 <_ZN5Print5printEc>
   b477a:	4604      	mov	r4, r0
  n += println();
   b477c:	4628      	mov	r0, r5
   b477e:	f7ff ffec 	bl	b475a <_ZN5Print7printlnEv>
  return n;
}
   b4782:	4420      	add	r0, r4
   b4784:	bd38      	pop	{r3, r4, r5, pc}

000b4786 <_ZN5Print11printNumberEmh>:
  return println(reinterpret_cast<const char*>(str));
}

// Private Methods /////////////////////////////////////////////////////////////

size_t Print::printNumber(unsigned long n, uint8_t base) {
   b4786:	b530      	push	{r4, r5, lr}
   b4788:	b08b      	sub	sp, #44	; 0x2c
  char buf[8 * sizeof(n) + 1]; // Assumes 8-bit chars plus zero byte.
  char *str = &buf[sizeof(buf) - 1];

  *str = '\0';
   b478a:	2300      	movs	r3, #0

  // prevent crash if called with base == 1
  if (base < 2) base = 10;
   b478c:	2a01      	cmp	r2, #1
  *str = '\0';
   b478e:	f88d 3024 	strb.w	r3, [sp, #36]	; 0x24
  if (base < 2) base = 10;
   b4792:	bf98      	it	ls
   b4794:	220a      	movls	r2, #10
   b4796:	ac09      	add	r4, sp, #36	; 0x24

  do {
   decltype(n) m = n;
   n /= base;
   b4798:	460d      	mov	r5, r1
   b479a:	fbb1 f1f2 	udiv	r1, r1, r2
   char c = m - base * n;
   b479e:	fb01 5312 	mls	r3, r1, r2, r5
   b47a2:	f003 03ff 	and.w	r3, r3, #255	; 0xff
   *--str = c < 10 ? c + '0' : c + 'A' - 10;
   b47a6:	2b09      	cmp	r3, #9
   b47a8:	bf94      	ite	ls
   b47aa:	3330      	addls	r3, #48	; 0x30
   b47ac:	3337      	addhi	r3, #55	; 0x37
   b47ae:	b2db      	uxtb	r3, r3
  } while(n);
   b47b0:	42aa      	cmp	r2, r5
   *--str = c < 10 ? c + '0' : c + 'A' - 10;
   b47b2:	f804 3d01 	strb.w	r3, [r4, #-1]!
  } while(n);
   b47b6:	d9ef      	bls.n	b4798 <_ZN5Print11printNumberEmh+0x12>

  return write(str);
   b47b8:	4621      	mov	r1, r4
   b47ba:	f7ff ffb9 	bl	b4730 <_ZN5Print5writeEPKc>
}
   b47be:	b00b      	add	sp, #44	; 0x2c
   b47c0:	bd30      	pop	{r4, r5, pc}
	...

000b47c4 <_GLOBAL__sub_I_RGB>:
	static void
	_M_init_functor(_Any_data& __functor, _Functor&& __f, false_type)
	{ __functor._M_access<_Functor*>() = new _Functor(std::move(__f)); }
      };

    _Function_base() : _M_manager(nullptr) { }
   b47c4:	4b01      	ldr	r3, [pc, #4]	; (b47cc <_GLOBAL__sub_I_RGB+0x8>)
   b47c6:	2200      	movs	r2, #0
   b47c8:	609a      	str	r2, [r3, #8]
{
    RGBClass* const d = static_cast<RGBClass*>(data);
    if (d->changeHandler_) {
        d->changeHandler_(r, g, b);
    }
}
   b47ca:	4770      	bx	lr
   b47cc:	2003e6f4 	.word	0x2003e6f4

000b47d0 <_GLOBAL__sub_I_System>:
} // namespace particle

// particle::Flag<TagT, ValueT>
template<typename TagT, typename ValueT>
inline particle::Flag<TagT, ValueT>::Flag(ValueT val) :
        val_(val) {
   b47d0:	4b05      	ldr	r3, [pc, #20]	; (b47e8 <_GLOBAL__sub_I_System+0x18>)
   b47d2:	2202      	movs	r2, #2
   b47d4:	601a      	str	r2, [r3, #0]

class SystemSleepResult {
public:
    SystemSleepResult()
            : wakeupSource_(nullptr),
              error_(SYSTEM_ERROR_NONE) {
   b47d6:	4b05      	ldr	r3, [pc, #20]	; (b47ec <_GLOBAL__sub_I_System+0x1c>)
    SleepResult() {}
   b47d8:	4a05      	ldr	r2, [pc, #20]	; (b47f0 <_GLOBAL__sub_I_System+0x20>)
   b47da:	609a      	str	r2, [r3, #8]
              error_(SYSTEM_ERROR_NONE) {
   b47dc:	2000      	movs	r0, #0
   b47de:	e9c3 0000 	strd	r0, r0, [r3]

class SystemClass {
public:

    SystemClass(System_Mode_TypeDef mode = DEFAULT) {
        set_system_mode(mode);
   b47e2:	f7ff bd6b 	b.w	b42bc <set_system_mode>
   b47e6:	bf00      	nop
   b47e8:	2003e710 	.word	0x2003e710
   b47ec:	2003e704 	.word	0x2003e704
   b47f0:	ffff0000 	.word	0xffff0000

000b47f4 <_GLOBAL__sub_I_TIME_FORMAT_DEFAULT>:
            calendar_time_cache = Convert_UnixTime_To_CalendarTime(unix_time);
            unix_time_cache = unix_time;
    }
}

const char* TimeClass::format_spec = TIME_FORMAT_DEFAULT;
   b47f4:	4b02      	ldr	r3, [pc, #8]	; (b4800 <_GLOBAL__sub_I_TIME_FORMAT_DEFAULT+0xc>)
   b47f6:	681a      	ldr	r2, [r3, #0]
   b47f8:	4b02      	ldr	r3, [pc, #8]	; (b4804 <_GLOBAL__sub_I_TIME_FORMAT_DEFAULT+0x10>)
   b47fa:	601a      	str	r2, [r3, #0]
{
  return isValid();
}


TimeClass Time;
   b47fc:	4770      	bx	lr
   b47fe:	bf00      	nop
   b4800:	2003e664 	.word	0x2003e664
   b4804:	2003e714 	.word	0x2003e714

000b4808 <_ZN11USARTSerialD1Ev>:
private:
  hal_usart_interface_t _serial;
  bool _blocking;
public:
  USARTSerial(hal_usart_interface_t serial, const hal_usart_buffer_config_t& config);
  virtual ~USARTSerial() {};
   b4808:	4770      	bx	lr

000b480a <_ZN11USARTSerial14blockOnOverrunEb>:
    hal_usart_half_duplex(_serial, Enable);
}

void USARTSerial::blockOnOverrun(bool block)
{
  _blocking = block;
   b480a:	7441      	strb	r1, [r0, #17]
}
   b480c:	4770      	bx	lr

000b480e <_ZN11USARTSerial17availableForWriteEv>:


int USARTSerial::availableForWrite(void)
{
   b480e:	b508      	push	{r3, lr}
  return std::max(0, (int)hal_usart_available_data_for_write(_serial));
   b4810:	7c00      	ldrb	r0, [r0, #16]
   b4812:	f7ff fd03 	bl	b421c <hal_usart_available_data_for_write>
}
   b4816:	ea20 70e0 	bic.w	r0, r0, r0, asr #31
   b481a:	bd08      	pop	{r3, pc}

000b481c <_ZN11USARTSerial9availableEv>:

int USARTSerial::available(void)
{
   b481c:	b508      	push	{r3, lr}
  return std::max(0, (int)hal_usart_available(_serial));
   b481e:	7c00      	ldrb	r0, [r0, #16]
   b4820:	f7ff fcdc 	bl	b41dc <hal_usart_available>
}
   b4824:	ea20 70e0 	bic.w	r0, r0, r0, asr #31
   b4828:	bd08      	pop	{r3, pc}

000b482a <_ZN11USARTSerial4peekEv>:

int USARTSerial::peek(void)
{
   b482a:	b508      	push	{r3, lr}
  return std::max(-1, (int)hal_usart_peek(_serial));
   b482c:	7c00      	ldrb	r0, [r0, #16]
   b482e:	f7ff fce5 	bl	b41fc <hal_usart_peek>
}
   b4832:	ea40 70e0 	orr.w	r0, r0, r0, asr #31
   b4836:	bd08      	pop	{r3, pc}

000b4838 <_ZN11USARTSerial4readEv>:

int USARTSerial::read(void)
{
   b4838:	b508      	push	{r3, lr}
  return std::max(-1, (int)hal_usart_read(_serial));
   b483a:	7c00      	ldrb	r0, [r0, #16]
   b483c:	f7ff fcd6 	bl	b41ec <hal_usart_read>
}
   b4840:	ea40 70e0 	orr.w	r0, r0, r0, asr #31
   b4844:	bd08      	pop	{r3, pc}

000b4846 <_ZN11USARTSerial5flushEv>:

void USARTSerial::flush()
{
  hal_usart_flush(_serial);
   b4846:	7c00      	ldrb	r0, [r0, #16]
   b4848:	f7ff bce0 	b.w	b420c <hal_usart_flush>

000b484c <_ZN11USARTSerial5writeEh>:
}

size_t USARTSerial::write(uint8_t c)
{
   b484c:	b537      	push	{r0, r1, r2, r4, r5, lr}
  // attempt a write if blocking, or for non-blocking if there is room.
  if (_blocking || hal_usart_available_data_for_write(_serial) > 0) {
   b484e:	7c45      	ldrb	r5, [r0, #17]
{
   b4850:	4604      	mov	r4, r0
  if (_blocking || hal_usart_available_data_for_write(_serial) > 0) {
   b4852:	b12d      	cbz	r5, b4860 <_ZN11USARTSerial5writeEh+0x14>
    // the HAL always blocks.
	  return hal_usart_write(_serial, c);
   b4854:	7c20      	ldrb	r0, [r4, #16]
  }
  return 0;
}
   b4856:	b003      	add	sp, #12
   b4858:	e8bd 4030 	ldmia.w	sp!, {r4, r5, lr}
	  return hal_usart_write(_serial, c);
   b485c:	f7ff bcb6 	b.w	b41cc <hal_usart_write>
  if (_blocking || hal_usart_available_data_for_write(_serial) > 0) {
   b4860:	7c00      	ldrb	r0, [r0, #16]
   b4862:	9101      	str	r1, [sp, #4]
   b4864:	f7ff fcda 	bl	b421c <hal_usart_available_data_for_write>
   b4868:	2800      	cmp	r0, #0
   b486a:	9901      	ldr	r1, [sp, #4]
   b486c:	dcf2      	bgt.n	b4854 <_ZN11USARTSerial5writeEh+0x8>
}
   b486e:	4628      	mov	r0, r5
   b4870:	b003      	add	sp, #12
   b4872:	bd30      	pop	{r4, r5, pc}

000b4874 <_ZN11USARTSerialD0Ev>:
   b4874:	b510      	push	{r4, lr}
   b4876:	2114      	movs	r1, #20
   b4878:	4604      	mov	r4, r0
   b487a:	f7ff fc14 	bl	b40a6 <_ZdlPvj>
   b487e:	4620      	mov	r0, r4
   b4880:	bd10      	pop	{r4, pc}
	...

000b4884 <_ZN11USARTSerialC1E21hal_usart_interface_tRK25hal_usart_buffer_config_t>:
USARTSerial::USARTSerial(hal_usart_interface_t serial, const hal_usart_buffer_config_t& config)
   b4884:	b510      	push	{r4, lr}
    virtual int available() = 0;
    virtual int read() = 0;
    virtual int peek() = 0;
    virtual void flush() = 0;

    Stream() {_timeout=1000;}
   b4886:	f44f 737a 	mov.w	r3, #1000	; 0x3e8
   b488a:	4604      	mov	r4, r0
   b488c:	4608      	mov	r0, r1
   b488e:	4611      	mov	r1, r2
   b4890:	2200      	movs	r2, #0
   b4892:	e9c4 2301 	strd	r2, r3, [r4, #4]
   b4896:	4b04      	ldr	r3, [pc, #16]	; (b48a8 <_ZN11USARTSerialC1E21hal_usart_interface_tRK25hal_usart_buffer_config_t+0x24>)
   b4898:	6023      	str	r3, [r4, #0]
  _blocking = true;
   b489a:	2301      	movs	r3, #1
  _serial = serial;
   b489c:	7420      	strb	r0, [r4, #16]
  _blocking = true;
   b489e:	7463      	strb	r3, [r4, #17]
  hal_usart_init_ex(serial, &config, nullptr);
   b48a0:	f7ff fccc 	bl	b423c <hal_usart_init_ex>
}
   b48a4:	4620      	mov	r0, r4
   b48a6:	bd10      	pop	{r4, pc}
   b48a8:	000b4e24 	.word	0x000b4e24

000b48ac <_ZN11USARTSerial5beginEmm>:
  hal_usart_begin_config(_serial, baud, config, nullptr);
   b48ac:	7c00      	ldrb	r0, [r0, #16]
   b48ae:	2300      	movs	r3, #0
   b48b0:	f7ff bcbc 	b.w	b422c <hal_usart_begin_config>

000b48b4 <_ZN11USARTSerial5beginEm>:
  begin(baud, SERIAL_8N1);
   b48b4:	2200      	movs	r2, #0
   b48b6:	f7ff bff9 	b.w	b48ac <_ZN11USARTSerial5beginEmm>

000b48ba <_ZN9USBSerial14blockOnOverrunEb>:
  HAL_USB_USART_Flush_Data(_serial);
}

void USBSerial::blockOnOverrun(bool block)
{
  _blocking = block;
   b48ba:	7441      	strb	r1, [r0, #17]
}
   b48bc:	4770      	bx	lr

000b48be <__tcf_0>:
}

USBSerial& _fetch_usbserial()
{
  HAL_USB_USART_Config conf = acquireSerialBuffer();
	static USBSerial _usbserial(HAL_USB_USART_SERIAL, conf);
   b48be:	4770      	bx	lr

000b48c0 <_ZN9USBSerialD1Ev>:
#include "usb_hal.h"
#include "system_task.h"
#include "spark_wiring_startup.h"
#include "concurrent_hal.h"

class USBSerial : public Stream
   b48c0:	4770      	bx	lr

000b48c2 <_ZN9USBSerial4readEv>:
{
   b48c2:	b508      	push	{r3, lr}
	return std::max(-1, (int)HAL_USB_USART_Receive_Data(_serial, false));
   b48c4:	2100      	movs	r1, #0
   b48c6:	7c00      	ldrb	r0, [r0, #16]
   b48c8:	f7ff fce0 	bl	b428c <HAL_USB_USART_Receive_Data>
}
   b48cc:	ea40 70e0 	orr.w	r0, r0, r0, asr #31
   b48d0:	bd08      	pop	{r3, pc}

000b48d2 <_ZN9USBSerial4peekEv>:
{
   b48d2:	b508      	push	{r3, lr}
	return std::max(-1, (int)HAL_USB_USART_Receive_Data(_serial, true));
   b48d4:	2101      	movs	r1, #1
   b48d6:	7c00      	ldrb	r0, [r0, #16]
   b48d8:	f7ff fcd8 	bl	b428c <HAL_USB_USART_Receive_Data>
}
   b48dc:	ea40 70e0 	orr.w	r0, r0, r0, asr #31
   b48e0:	bd08      	pop	{r3, pc}

000b48e2 <_ZN9USBSerial17availableForWriteEv>:
{
   b48e2:	b508      	push	{r3, lr}
  return std::max(0, (int)HAL_USB_USART_Available_Data_For_Write(_serial));
   b48e4:	7c00      	ldrb	r0, [r0, #16]
   b48e6:	f7ff fcc9 	bl	b427c <HAL_USB_USART_Available_Data_For_Write>
}
   b48ea:	ea20 70e0 	bic.w	r0, r0, r0, asr #31
   b48ee:	bd08      	pop	{r3, pc}

000b48f0 <_ZN9USBSerial9availableEv>:
{
   b48f0:	b508      	push	{r3, lr}
	return std::max(0, (int)HAL_USB_USART_Available_Data(_serial));
   b48f2:	7c00      	ldrb	r0, [r0, #16]
   b48f4:	f7ff fcba 	bl	b426c <HAL_USB_USART_Available_Data>
}
   b48f8:	ea20 70e0 	bic.w	r0, r0, r0, asr #31
   b48fc:	bd08      	pop	{r3, pc}

000b48fe <_ZN9USBSerial5writeEh>:
{
   b48fe:	b513      	push	{r0, r1, r4, lr}
   b4900:	4604      	mov	r4, r0
  if (HAL_USB_USART_Available_Data_For_Write(_serial) > 0 || _blocking) {
   b4902:	7c00      	ldrb	r0, [r0, #16]
{
   b4904:	9101      	str	r1, [sp, #4]
  if (HAL_USB_USART_Available_Data_For_Write(_serial) > 0 || _blocking) {
   b4906:	f7ff fcb9 	bl	b427c <HAL_USB_USART_Available_Data_For_Write>
   b490a:	2800      	cmp	r0, #0
   b490c:	9901      	ldr	r1, [sp, #4]
   b490e:	dc01      	bgt.n	b4914 <_ZN9USBSerial5writeEh+0x16>
   b4910:	7c60      	ldrb	r0, [r4, #17]
   b4912:	b120      	cbz	r0, b491e <_ZN9USBSerial5writeEh+0x20>
    return std::max(0, (int)HAL_USB_USART_Send_Data(_serial, byte));
   b4914:	7c20      	ldrb	r0, [r4, #16]
   b4916:	f7ff fcc1 	bl	b429c <HAL_USB_USART_Send_Data>
   b491a:	ea20 70e0 	bic.w	r0, r0, r0, asr #31
}
   b491e:	b002      	add	sp, #8
   b4920:	bd10      	pop	{r4, pc}

000b4922 <_ZN9USBSerial5flushEv>:
  HAL_USB_USART_Flush_Data(_serial);
   b4922:	7c00      	ldrb	r0, [r0, #16]
   b4924:	f7ff bcc2 	b.w	b42ac <HAL_USB_USART_Flush_Data>

000b4928 <_ZN9USBSerialD0Ev>:
   b4928:	b510      	push	{r4, lr}
   b492a:	2114      	movs	r1, #20
   b492c:	4604      	mov	r4, r0
   b492e:	f7ff fbba 	bl	b40a6 <_ZdlPvj>
   b4932:	4620      	mov	r0, r4
   b4934:	bd10      	pop	{r4, pc}
	...

000b4938 <_ZN9USBSerialC1E20HAL_USB_USART_SerialRK20HAL_USB_USART_Config>:
USBSerial::USBSerial(HAL_USB_USART_Serial serial, const HAL_USB_USART_Config& conf)
   b4938:	b510      	push	{r4, lr}
   b493a:	f44f 737a 	mov.w	r3, #1000	; 0x3e8
   b493e:	4604      	mov	r4, r0
   b4940:	4608      	mov	r0, r1
   b4942:	2100      	movs	r1, #0
   b4944:	e9c4 1301 	strd	r1, r3, [r4, #4]
   b4948:	4b04      	ldr	r3, [pc, #16]	; (b495c <_ZN9USBSerialC1E20HAL_USB_USART_SerialRK20HAL_USB_USART_Config+0x24>)
   b494a:	6023      	str	r3, [r4, #0]
  _blocking = true;
   b494c:	2301      	movs	r3, #1
  _serial = serial;
   b494e:	7420      	strb	r0, [r4, #16]
  _blocking = true;
   b4950:	7463      	strb	r3, [r4, #17]
  HAL_USB_USART_Init(_serial, &conf);
   b4952:	4611      	mov	r1, r2
   b4954:	f7ff fc7a 	bl	b424c <HAL_USB_USART_Init>
}
   b4958:	4620      	mov	r0, r4
   b495a:	bd10      	pop	{r4, pc}
   b495c:	000b4e54 	.word	0x000b4e54

000b4960 <_ZN9USBSerial5beginEl>:
    HAL_USB_USART_Begin(_serial, speed, NULL);
   b4960:	7c00      	ldrb	r0, [r0, #16]
   b4962:	2200      	movs	r2, #0
   b4964:	f7ff bc7a 	b.w	b425c <HAL_USB_USART_Begin>

000b4968 <_Z19acquireSerialBufferv>:
{
   b4968:	b510      	push	{r4, lr}
  HAL_USB_USART_Config conf = {};
   b496a:	2214      	movs	r2, #20
{
   b496c:	4604      	mov	r4, r0
  HAL_USB_USART_Config conf = {};
   b496e:	2100      	movs	r1, #0
   b4970:	f000 f958 	bl	b4c24 <memset>
}
   b4974:	4620      	mov	r0, r4
   b4976:	bd10      	pop	{r4, pc}

000b4978 <_Z16_fetch_usbserialv>:
{
   b4978:	b510      	push	{r4, lr}
	static USBSerial _usbserial(HAL_USB_USART_SERIAL, conf);
   b497a:	4c0f      	ldr	r4, [pc, #60]	; (b49b8 <_Z16_fetch_usbserialv+0x40>)
{
   b497c:	b088      	sub	sp, #32
  HAL_USB_USART_Config conf = acquireSerialBuffer();
   b497e:	a803      	add	r0, sp, #12
   b4980:	f7ff fff2 	bl	b4968 <_Z19acquireSerialBufferv>
	static USBSerial _usbserial(HAL_USB_USART_SERIAL, conf);
   b4984:	7821      	ldrb	r1, [r4, #0]
   b4986:	f3bf 8f5b 	dmb	ish
   b498a:	f011 0101 	ands.w	r1, r1, #1
   b498e:	d10f      	bne.n	b49b0 <_Z16_fetch_usbserialv+0x38>
   b4990:	4620      	mov	r0, r4
   b4992:	9101      	str	r1, [sp, #4]
   b4994:	f7ff fb89 	bl	b40aa <__cxa_guard_acquire>
   b4998:	9901      	ldr	r1, [sp, #4]
   b499a:	b148      	cbz	r0, b49b0 <_Z16_fetch_usbserialv+0x38>
   b499c:	aa03      	add	r2, sp, #12
   b499e:	4807      	ldr	r0, [pc, #28]	; (b49bc <_Z16_fetch_usbserialv+0x44>)
   b49a0:	f7ff ffca 	bl	b4938 <_ZN9USBSerialC1E20HAL_USB_USART_SerialRK20HAL_USB_USART_Config>
   b49a4:	4620      	mov	r0, r4
   b49a6:	f7ff fb85 	bl	b40b4 <__cxa_guard_release>
   b49aa:	4805      	ldr	r0, [pc, #20]	; (b49c0 <_Z16_fetch_usbserialv+0x48>)
   b49ac:	f000 f926 	bl	b4bfc <atexit>
	return _usbserial;
}
   b49b0:	4802      	ldr	r0, [pc, #8]	; (b49bc <_Z16_fetch_usbserialv+0x44>)
   b49b2:	b008      	add	sp, #32
   b49b4:	bd10      	pop	{r4, pc}
   b49b6:	bf00      	nop
   b49b8:	2003e718 	.word	0x2003e718
   b49bc:	2003e71c 	.word	0x2003e71c
   b49c0:	000b48bf 	.word	0x000b48bf

000b49c4 <_ZN5spark9WiFiClass5readyEv>:
    bool connecting(void) {
        return network_connecting(*this, 0, NULL);
    }

    bool ready(void) {
        return network_ready(*this, 0, NULL);
   b49c4:	2200      	movs	r2, #0
   b49c6:	6840      	ldr	r0, [r0, #4]
   b49c8:	4611      	mov	r1, r2
   b49ca:	f7ff bcbb 	b.w	b4344 <network_ready>

000b49ce <_ZN5spark9WiFiClass9listeningEv>:
    uint16_t getListenTimeout(void) {
        return network_get_listen_timeout(*this, 0, NULL);
    }

    bool listening(void) {
        return network_listening(*this, 0, NULL);
   b49ce:	2200      	movs	r2, #0
   b49d0:	6840      	ldr	r0, [r0, #4]
   b49d2:	4611      	mov	r1, r2
   b49d4:	f7ff bcd6 	b.w	b4384 <network_listening>

000b49d8 <_ZN5spark9WiFiClass16getListenTimeoutEv>:
        return network_get_listen_timeout(*this, 0, NULL);
   b49d8:	2200      	movs	r2, #0
   b49da:	6840      	ldr	r0, [r0, #4]
   b49dc:	4611      	mov	r1, r2
   b49de:	f7ff bce1 	b.w	b43a4 <network_get_listen_timeout>

000b49e2 <_ZN5spark9WiFiClass16setListenTimeoutEt>:
        network_set_listen_timeout(*this, timeout, NULL);
   b49e2:	6840      	ldr	r0, [r0, #4]
   b49e4:	2200      	movs	r2, #0
   b49e6:	f7ff bcd5 	b.w	b4394 <network_set_listen_timeout>

000b49ea <_ZN5spark9WiFiClass6listenEb>:
        network_listen(*this, begin ? 0 : 1, NULL);
   b49ea:	6840      	ldr	r0, [r0, #4]
   b49ec:	2200      	movs	r2, #0
   b49ee:	f081 0101 	eor.w	r1, r1, #1
   b49f2:	f7ff bcbf 	b.w	b4374 <network_listen>

000b49f6 <_ZN5spark9WiFiClass3offEv>:
        network_off(*this, 0, 0, NULL);
   b49f6:	2300      	movs	r3, #0
   b49f8:	6840      	ldr	r0, [r0, #4]
   b49fa:	461a      	mov	r2, r3
   b49fc:	4619      	mov	r1, r3
   b49fe:	f7ff bcb1 	b.w	b4364 <network_off>

000b4a02 <_ZN5spark9WiFiClass2onEv>:
        network_on(*this, 0, 0, NULL);
   b4a02:	2300      	movs	r3, #0
   b4a04:	6840      	ldr	r0, [r0, #4]
   b4a06:	461a      	mov	r2, r3
   b4a08:	4619      	mov	r1, r3
   b4a0a:	f7ff bca3 	b.w	b4354 <network_on>

000b4a0e <_ZN5spark9WiFiClass10connectingEv>:
        return network_connecting(*this, 0, NULL);
   b4a0e:	2200      	movs	r2, #0
   b4a10:	6840      	ldr	r0, [r0, #4]
   b4a12:	4611      	mov	r1, r2
   b4a14:	f7ff bc86 	b.w	b4324 <network_connecting>

000b4a18 <_ZN5spark9WiFiClass10disconnectEv>:
        network_disconnect(*this, NETWORK_DISCONNECT_REASON_USER, NULL);
   b4a18:	6840      	ldr	r0, [r0, #4]
   b4a1a:	2200      	movs	r2, #0
   b4a1c:	2102      	movs	r1, #2
   b4a1e:	f7ff bc89 	b.w	b4334 <network_disconnect>

000b4a22 <_ZN5spark9WiFiClass7connectEj>:
        network_connect(*this, flags, 0, NULL);
   b4a22:	2300      	movs	r3, #0
   b4a24:	6840      	ldr	r0, [r0, #4]
   b4a26:	461a      	mov	r2, r3
   b4a28:	f7ff bc74 	b.w	b4314 <network_connect>

000b4a2c <_GLOBAL__sub_I__ZN10WiFiSignalC2ERK21wlan_connected_info_t>:
   b4a2c:	4b02      	ldr	r3, [pc, #8]	; (b4a38 <_GLOBAL__sub_I__ZN10WiFiSignalC2ERK21wlan_connected_info_t+0xc>)
   b4a2e:	2204      	movs	r2, #4
   b4a30:	605a      	str	r2, [r3, #4]
            NetworkClass(NETWORK_INTERFACE_WIFI_STA) {
   b4a32:	4a02      	ldr	r2, [pc, #8]	; (b4a3c <_GLOBAL__sub_I__ZN10WiFiSignalC2ERK21wlan_connected_info_t+0x10>)
   b4a34:	601a      	str	r2, [r3, #0]
the same way.
*****************************************************************************/

    WiFiClass WiFi;
    // NetworkClass& Network = WiFi;
}
   b4a36:	4770      	bx	lr
   b4a38:	2003e730 	.word	0x2003e730
   b4a3c:	000b4e84 	.word	0x000b4e84

000b4a40 <_ZZ21module_user_init_hookENUlP6_reentjmPvE_4_FUNES0_jmS1_>:

void module_user_init_hook()
{
#if HAL_PLATFORM_NEWLIB
    newlib_impure_ptr_callback([](struct _reent* r, size_t size, uint32_t version, void* ctx) -> void {
        _impure_ptr = r;
   b4a40:	4b01      	ldr	r3, [pc, #4]	; (b4a48 <_ZZ21module_user_init_hookENUlP6_reentjmPvE_4_FUNES0_jmS1_+0x8>)
   b4a42:	6018      	str	r0, [r3, #0]
    }, nullptr);
   b4a44:	4770      	bx	lr
   b4a46:	bf00      	nop
   b4a48:	2003e668 	.word	0x2003e668

000b4a4c <serialEventRun>:
{
   b4a4c:	b508      	push	{r3, lr}
    if (serialEvent && Serial.available()>0)
   b4a4e:	4b0b      	ldr	r3, [pc, #44]	; (b4a7c <serialEventRun+0x30>)
   b4a50:	b143      	cbz	r3, b4a64 <serialEventRun+0x18>
   b4a52:	f7ff ff91 	bl	b4978 <_Z16_fetch_usbserialv>
   b4a56:	6803      	ldr	r3, [r0, #0]
   b4a58:	691b      	ldr	r3, [r3, #16]
   b4a5a:	4798      	blx	r3
   b4a5c:	2800      	cmp	r0, #0
   b4a5e:	dd01      	ble.n	b4a64 <serialEventRun+0x18>
        serialEvent();
   b4a60:	f3af 8000 	nop.w
    if (serialEvent1 && Serial1.available()>0)
   b4a64:	4b06      	ldr	r3, [pc, #24]	; (b4a80 <serialEventRun+0x34>)
   b4a66:	b143      	cbz	r3, b4a7a <serialEventRun+0x2e>
   b4a68:	f000 f8a2 	bl	b4bb0 <_Z22__fetch_global_Serial1v>
   b4a6c:	6803      	ldr	r3, [r0, #0]
   b4a6e:	691b      	ldr	r3, [r3, #16]
   b4a70:	4798      	blx	r3
   b4a72:	2800      	cmp	r0, #0
   b4a74:	dd01      	ble.n	b4a7a <serialEventRun+0x2e>
        serialEvent1();
   b4a76:	f3af 8000 	nop.w
}
   b4a7a:	bd08      	pop	{r3, pc}
	...

000b4a84 <_post_loop>:
{
   b4a84:	b508      	push	{r3, lr}
	serialEventRun();
   b4a86:	f7ff ffe1 	bl	b4a4c <serialEventRun>
		return !thread || !thread->isRunning();
	}

	static inline system_tick_t current_time()
	{
		return HAL_Timer_Get_Milli_Seconds();
   b4a8a:	f7ff fb7f 	bl	b418c <HAL_Timer_Get_Milli_Seconds>
	/**
	 * Lifesign that the application is still working normally.
	 */
	static void checkin()
	{
		last_checkin = current_time();
   b4a8e:	4b01      	ldr	r3, [pc, #4]	; (b4a94 <_post_loop+0x10>)
   b4a90:	6018      	str	r0, [r3, #0]
}
   b4a92:	bd08      	pop	{r3, pc}
   b4a94:	2003e740 	.word	0x2003e740

000b4a98 <_Z33system_initialize_user_backup_ramv>:
    memcpy(&link_global_retained_start, &link_global_retained_initial_values, len);
   b4a98:	4805      	ldr	r0, [pc, #20]	; (b4ab0 <_Z33system_initialize_user_backup_ramv+0x18>)
   b4a9a:	4a06      	ldr	r2, [pc, #24]	; (b4ab4 <_Z33system_initialize_user_backup_ramv+0x1c>)
   b4a9c:	4906      	ldr	r1, [pc, #24]	; (b4ab8 <_Z33system_initialize_user_backup_ramv+0x20>)
{
   b4a9e:	b508      	push	{r3, lr}
    memcpy(&link_global_retained_start, &link_global_retained_initial_values, len);
   b4aa0:	1a12      	subs	r2, r2, r0
   b4aa2:	f000 f8b1 	bl	b4c08 <memcpy>
    __backup_sram_signature = signature;
   b4aa6:	4b05      	ldr	r3, [pc, #20]	; (b4abc <_Z33system_initialize_user_backup_ramv+0x24>)
   b4aa8:	4a05      	ldr	r2, [pc, #20]	; (b4ac0 <_Z33system_initialize_user_backup_ramv+0x28>)
   b4aaa:	601a      	str	r2, [r3, #0]
}
   b4aac:	bd08      	pop	{r3, pc}
   b4aae:	bf00      	nop
   b4ab0:	2003f400 	.word	0x2003f400
   b4ab4:	2003f404 	.word	0x2003f404
   b4ab8:	000b4fe0 	.word	0x000b4fe0
   b4abc:	2003f400 	.word	0x2003f400
   b4ac0:	9a271c1e 	.word	0x9a271c1e

000b4ac4 <_Z27ctrl_request_custom_handlerP12ctrl_request>:
void __attribute((weak)) ctrl_request_custom_handler(ctrl_request* req) {
   b4ac4:	b507      	push	{r0, r1, r2, lr}
    system_ctrl_set_result(req, SYSTEM_ERROR_NOT_SUPPORTED, nullptr, nullptr, nullptr);
   b4ac6:	2300      	movs	r3, #0
   b4ac8:	9300      	str	r3, [sp, #0]
   b4aca:	461a      	mov	r2, r3
   b4acc:	f06f 0177 	mvn.w	r1, #119	; 0x77
   b4ad0:	f7ff fc0e 	bl	b42f0 <system_ctrl_set_result>
}
   b4ad4:	b003      	add	sp, #12
   b4ad6:	f85d fb04 	ldr.w	pc, [sp], #4
	...

000b4adc <_ZL20ctrl_request_handlerP12ctrl_request>:
static void ctrl_request_handler(ctrl_request* req) {
   b4adc:	b507      	push	{r0, r1, r2, lr}
    switch (req->type) {
   b4ade:	8843      	ldrh	r3, [r0, #2]
   b4ae0:	2b0a      	cmp	r3, #10
   b4ae2:	d008      	beq.n	b4af6 <_ZL20ctrl_request_handlerP12ctrl_request+0x1a>
   b4ae4:	2b50      	cmp	r3, #80	; 0x50
   b4ae6:	d10b      	bne.n	b4b00 <_ZL20ctrl_request_handlerP12ctrl_request+0x24>
        if (log_process_ctrl_request_callback) {
   b4ae8:	4b09      	ldr	r3, [pc, #36]	; (b4b10 <_ZL20ctrl_request_handlerP12ctrl_request+0x34>)
   b4aea:	681b      	ldr	r3, [r3, #0]
   b4aec:	b14b      	cbz	r3, b4b02 <_ZL20ctrl_request_handlerP12ctrl_request+0x26>
}
   b4aee:	b003      	add	sp, #12
   b4af0:	f85d eb04 	ldr.w	lr, [sp], #4
            log_process_ctrl_request_callback(req);
   b4af4:	4718      	bx	r3
        ctrl_request_custom_handler(req);
   b4af6:	f7ff ffe5 	bl	b4ac4 <_Z27ctrl_request_custom_handlerP12ctrl_request>
}
   b4afa:	b003      	add	sp, #12
   b4afc:	f85d fb04 	ldr.w	pc, [sp], #4
        system_ctrl_set_result(req, SYSTEM_ERROR_NOT_SUPPORTED, nullptr, nullptr, nullptr);
   b4b00:	2300      	movs	r3, #0
   b4b02:	9300      	str	r3, [sp, #0]
   b4b04:	461a      	mov	r2, r3
   b4b06:	f06f 0177 	mvn.w	r1, #119	; 0x77
   b4b0a:	f7ff fbf1 	bl	b42f0 <system_ctrl_set_result>
}
   b4b0e:	e7f4      	b.n	b4afa <_ZL20ctrl_request_handlerP12ctrl_request+0x1e>
   b4b10:	2003e73c 	.word	0x2003e73c

000b4b14 <module_user_init_hook>:
{
   b4b14:	b510      	push	{r4, lr}
    newlib_impure_ptr_callback([](struct _reent* r, size_t size, uint32_t version, void* ctx) -> void {
   b4b16:	4812      	ldr	r0, [pc, #72]	; (b4b60 <module_user_init_hook+0x4c>)
   b4b18:	2100      	movs	r1, #0
   b4b1a:	f7ff fc73 	bl	b4404 <newlib_impure_ptr_callback>
#endif // HAL_PLATFORM_NEWLIB

#if HAL_PLATFORM_BACKUP_RAM
    backup_ram_was_valid_ = __backup_sram_signature == signature;
   b4b1e:	4b11      	ldr	r3, [pc, #68]	; (b4b64 <module_user_init_hook+0x50>)
   b4b20:	681a      	ldr	r2, [r3, #0]
   b4b22:	4b11      	ldr	r3, [pc, #68]	; (b4b68 <module_user_init_hook+0x54>)
   b4b24:	429a      	cmp	r2, r3
   b4b26:	4b11      	ldr	r3, [pc, #68]	; (b4b6c <module_user_init_hook+0x58>)
   b4b28:	bf0c      	ite	eq
   b4b2a:	2201      	moveq	r2, #1
   b4b2c:	2200      	movne	r2, #0
   b4b2e:	701a      	strb	r2, [r3, #0]
    if (!backup_ram_was_valid_) {
   b4b30:	d001      	beq.n	b4b36 <module_user_init_hook+0x22>
        system_initialize_user_backup_ram();
   b4b32:	f7ff ffb1 	bl	b4a98 <_Z33system_initialize_user_backup_ramv>
    }
#endif

#if HAL_PLATFORM_RNG
    // Initialize the default stdlib PRNG using hardware RNG as a seed
    const uint32_t seed = HAL_RNG_GetRandomNumber();
   b4b36:	f7ff fb21 	bl	b417c <HAL_RNG_GetRandomNumber>
   b4b3a:	4604      	mov	r4, r0
    srand(seed);
   b4b3c:	f000 f87a 	bl	b4c34 <srand>

    // If the user defines random_seed_from_cloud, call it with a seed value
    // generated by a hardware RNG as well.
    if (random_seed_from_cloud) {
   b4b40:	4b0b      	ldr	r3, [pc, #44]	; (b4b70 <module_user_init_hook+0x5c>)
   b4b42:	b113      	cbz	r3, b4b4a <module_user_init_hook+0x36>
        random_seed_from_cloud(seed);
   b4b44:	4620      	mov	r0, r4
   b4b46:	f3af 8000 	nop.w
    }
#endif
    // Register the random_seed_from_cloud handler
    spark_set_random_seed_from_cloud_handler(&random_seed_from_cloud, nullptr);
   b4b4a:	2100      	movs	r1, #0
   b4b4c:	4808      	ldr	r0, [pc, #32]	; (b4b70 <module_user_init_hook+0x5c>)
   b4b4e:	f7ff fbd9 	bl	b4304 <spark_set_random_seed_from_cloud_handler>

    // Register application handler for the control requests
    system_ctrl_set_app_request_handler(ctrl_request_handler, nullptr);
}
   b4b52:	e8bd 4010 	ldmia.w	sp!, {r4, lr}
    system_ctrl_set_app_request_handler(ctrl_request_handler, nullptr);
   b4b56:	4807      	ldr	r0, [pc, #28]	; (b4b74 <module_user_init_hook+0x60>)
   b4b58:	2100      	movs	r1, #0
   b4b5a:	f7ff bbbf 	b.w	b42dc <system_ctrl_set_app_request_handler>
   b4b5e:	bf00      	nop
   b4b60:	000b4a41 	.word	0x000b4a41
   b4b64:	2003f400 	.word	0x2003f400
   b4b68:	9a271c1e 	.word	0x9a271c1e
   b4b6c:	2003e738 	.word	0x2003e738
   b4b70:	00000000 	.word	0x00000000
   b4b74:	000b4add 	.word	0x000b4add

000b4b78 <__tcf_0>:
}
#endif

USARTSerial& __fetch_global_Serial1()
{
    static USARTSerial serial1(HAL_USART_SERIAL1, acquireSerial1Buffer());
   b4b78:	4770      	bx	lr
	...

000b4b7c <_Z20acquireSerial1Bufferv>:
{
   b4b7c:	b538      	push	{r3, r4, r5, lr}
   b4b7e:	4604      	mov	r4, r0
    hal_usart_buffer_config_t config = {
   b4b80:	2514      	movs	r5, #20
   b4b82:	462a      	mov	r2, r5
   b4b84:	2100      	movs	r1, #0
   b4b86:	f000 f84d 	bl	b4c24 <memset>
   b4b8a:	8025      	strh	r5, [r4, #0]
   b4b8c:	2540      	movs	r5, #64	; 0x40
        .rx_buffer = new (std::nothrow) uint8_t[bufferSize],
   b4b8e:	4907      	ldr	r1, [pc, #28]	; (b4bac <_Z20acquireSerial1Bufferv+0x30>)
    hal_usart_buffer_config_t config = {
   b4b90:	8125      	strh	r5, [r4, #8]
        .rx_buffer = new (std::nothrow) uint8_t[bufferSize],
   b4b92:	4628      	mov	r0, r5
    hal_usart_buffer_config_t config = {
   b4b94:	8225      	strh	r5, [r4, #16]
        .rx_buffer = new (std::nothrow) uint8_t[bufferSize],
   b4b96:	f000 f82f 	bl	b4bf8 <_ZnajRKSt9nothrow_t>
        .tx_buffer = new (std::nothrow) uint8_t[bufferSize],
   b4b9a:	4904      	ldr	r1, [pc, #16]	; (b4bac <_Z20acquireSerial1Bufferv+0x30>)
    };
   b4b9c:	6060      	str	r0, [r4, #4]
        .tx_buffer = new (std::nothrow) uint8_t[bufferSize],
   b4b9e:	4628      	mov	r0, r5
   b4ba0:	f000 f82a 	bl	b4bf8 <_ZnajRKSt9nothrow_t>
    };
   b4ba4:	60e0      	str	r0, [r4, #12]
}
   b4ba6:	4620      	mov	r0, r4
   b4ba8:	bd38      	pop	{r3, r4, r5, pc}
   b4baa:	bf00      	nop
   b4bac:	000b4eb8 	.word	0x000b4eb8

000b4bb0 <_Z22__fetch_global_Serial1v>:
{
   b4bb0:	b530      	push	{r4, r5, lr}
    static USARTSerial serial1(HAL_USART_SERIAL1, acquireSerial1Buffer());
   b4bb2:	4d0e      	ldr	r5, [pc, #56]	; (b4bec <_Z22__fetch_global_Serial1v+0x3c>)
   b4bb4:	7829      	ldrb	r1, [r5, #0]
   b4bb6:	f3bf 8f5b 	dmb	ish
   b4bba:	f011 0401 	ands.w	r4, r1, #1
{
   b4bbe:	b087      	sub	sp, #28
    static USARTSerial serial1(HAL_USART_SERIAL1, acquireSerial1Buffer());
   b4bc0:	d111      	bne.n	b4be6 <_Z22__fetch_global_Serial1v+0x36>
   b4bc2:	4628      	mov	r0, r5
   b4bc4:	f7ff fa71 	bl	b40aa <__cxa_guard_acquire>
   b4bc8:	b168      	cbz	r0, b4be6 <_Z22__fetch_global_Serial1v+0x36>
   b4bca:	a801      	add	r0, sp, #4
   b4bcc:	f7ff ffd6 	bl	b4b7c <_Z20acquireSerial1Bufferv>
   b4bd0:	aa01      	add	r2, sp, #4
   b4bd2:	4621      	mov	r1, r4
   b4bd4:	4806      	ldr	r0, [pc, #24]	; (b4bf0 <_Z22__fetch_global_Serial1v+0x40>)
   b4bd6:	f7ff fe55 	bl	b4884 <_ZN11USARTSerialC1E21hal_usart_interface_tRK25hal_usart_buffer_config_t>
   b4bda:	4628      	mov	r0, r5
   b4bdc:	f7ff fa6a 	bl	b40b4 <__cxa_guard_release>
   b4be0:	4804      	ldr	r0, [pc, #16]	; (b4bf4 <_Z22__fetch_global_Serial1v+0x44>)
   b4be2:	f000 f80b 	bl	b4bfc <atexit>
    return serial1;
}
   b4be6:	4802      	ldr	r0, [pc, #8]	; (b4bf0 <_Z22__fetch_global_Serial1v+0x40>)
   b4be8:	b007      	add	sp, #28
   b4bea:	bd30      	pop	{r4, r5, pc}
   b4bec:	2003e744 	.word	0x2003e744
   b4bf0:	2003e748 	.word	0x2003e748
   b4bf4:	000b4b79 	.word	0x000b4b79

000b4bf8 <_ZnajRKSt9nothrow_t>:
   b4bf8:	f7ff ba53 	b.w	b40a2 <_Znaj>

000b4bfc <atexit>:
   b4bfc:	2300      	movs	r3, #0
   b4bfe:	4601      	mov	r1, r0
   b4c00:	461a      	mov	r2, r3
   b4c02:	4618      	mov	r0, r3
   b4c04:	f000 b844 	b.w	b4c90 <__register_exitproc>

000b4c08 <memcpy>:
   b4c08:	440a      	add	r2, r1
   b4c0a:	4291      	cmp	r1, r2
   b4c0c:	f100 33ff 	add.w	r3, r0, #4294967295	; 0xffffffff
   b4c10:	d100      	bne.n	b4c14 <memcpy+0xc>
   b4c12:	4770      	bx	lr
   b4c14:	b510      	push	{r4, lr}
   b4c16:	f811 4b01 	ldrb.w	r4, [r1], #1
   b4c1a:	f803 4f01 	strb.w	r4, [r3, #1]!
   b4c1e:	4291      	cmp	r1, r2
   b4c20:	d1f9      	bne.n	b4c16 <memcpy+0xe>
   b4c22:	bd10      	pop	{r4, pc}

000b4c24 <memset>:
   b4c24:	4402      	add	r2, r0
   b4c26:	4603      	mov	r3, r0
   b4c28:	4293      	cmp	r3, r2
   b4c2a:	d100      	bne.n	b4c2e <memset+0xa>
   b4c2c:	4770      	bx	lr
   b4c2e:	f803 1b01 	strb.w	r1, [r3], #1
   b4c32:	e7f9      	b.n	b4c28 <memset+0x4>

000b4c34 <srand>:
   b4c34:	b538      	push	{r3, r4, r5, lr}
   b4c36:	4b10      	ldr	r3, [pc, #64]	; (b4c78 <srand+0x44>)
   b4c38:	681d      	ldr	r5, [r3, #0]
   b4c3a:	6bab      	ldr	r3, [r5, #56]	; 0x38
   b4c3c:	4604      	mov	r4, r0
   b4c3e:	b9b3      	cbnz	r3, b4c6e <srand+0x3a>
   b4c40:	2018      	movs	r0, #24
   b4c42:	f7ff fbc7 	bl	b43d4 <malloc>
   b4c46:	4602      	mov	r2, r0
   b4c48:	63a8      	str	r0, [r5, #56]	; 0x38
   b4c4a:	b920      	cbnz	r0, b4c56 <srand+0x22>
   b4c4c:	4b0b      	ldr	r3, [pc, #44]	; (b4c7c <srand+0x48>)
   b4c4e:	480c      	ldr	r0, [pc, #48]	; (b4c80 <srand+0x4c>)
   b4c50:	2142      	movs	r1, #66	; 0x42
   b4c52:	f7ff fbcf 	bl	b43f4 <__assert_func>
   b4c56:	490b      	ldr	r1, [pc, #44]	; (b4c84 <srand+0x50>)
   b4c58:	4b0b      	ldr	r3, [pc, #44]	; (b4c88 <srand+0x54>)
   b4c5a:	e9c0 1300 	strd	r1, r3, [r0]
   b4c5e:	4b0b      	ldr	r3, [pc, #44]	; (b4c8c <srand+0x58>)
   b4c60:	6083      	str	r3, [r0, #8]
   b4c62:	230b      	movs	r3, #11
   b4c64:	8183      	strh	r3, [r0, #12]
   b4c66:	2100      	movs	r1, #0
   b4c68:	2001      	movs	r0, #1
   b4c6a:	e9c2 0104 	strd	r0, r1, [r2, #16]
   b4c6e:	6bab      	ldr	r3, [r5, #56]	; 0x38
   b4c70:	2200      	movs	r2, #0
   b4c72:	611c      	str	r4, [r3, #16]
   b4c74:	615a      	str	r2, [r3, #20]
   b4c76:	bd38      	pop	{r3, r4, r5, pc}
   b4c78:	2003e668 	.word	0x2003e668
   b4c7c:	000b4eb9 	.word	0x000b4eb9
   b4c80:	000b4ed0 	.word	0x000b4ed0
   b4c84:	abcd330e 	.word	0xabcd330e
   b4c88:	e66d1234 	.word	0xe66d1234
   b4c8c:	0005deec 	.word	0x0005deec

000b4c90 <__register_exitproc>:
   b4c90:	e92d 43f8 	stmdb	sp!, {r3, r4, r5, r6, r7, r8, r9, lr}
   b4c94:	f8df 80b8 	ldr.w	r8, [pc, #184]	; b4d50 <__register_exitproc+0xc0>
   b4c98:	4606      	mov	r6, r0
   b4c9a:	f8d8 0000 	ldr.w	r0, [r8]
   b4c9e:	461f      	mov	r7, r3
   b4ca0:	460d      	mov	r5, r1
   b4ca2:	4691      	mov	r9, r2
   b4ca4:	f000 f856 	bl	b4d54 <__retarget_lock_acquire_recursive>
   b4ca8:	4b25      	ldr	r3, [pc, #148]	; (b4d40 <__register_exitproc+0xb0>)
   b4caa:	681c      	ldr	r4, [r3, #0]
   b4cac:	b934      	cbnz	r4, b4cbc <__register_exitproc+0x2c>
   b4cae:	4c25      	ldr	r4, [pc, #148]	; (b4d44 <__register_exitproc+0xb4>)
   b4cb0:	601c      	str	r4, [r3, #0]
   b4cb2:	4b25      	ldr	r3, [pc, #148]	; (b4d48 <__register_exitproc+0xb8>)
   b4cb4:	b113      	cbz	r3, b4cbc <__register_exitproc+0x2c>
   b4cb6:	681b      	ldr	r3, [r3, #0]
   b4cb8:	f8c4 3088 	str.w	r3, [r4, #136]	; 0x88
   b4cbc:	6863      	ldr	r3, [r4, #4]
   b4cbe:	2b1f      	cmp	r3, #31
   b4cc0:	dd07      	ble.n	b4cd2 <__register_exitproc+0x42>
   b4cc2:	f8d8 0000 	ldr.w	r0, [r8]
   b4cc6:	f000 f847 	bl	b4d58 <__retarget_lock_release_recursive>
   b4cca:	f04f 30ff 	mov.w	r0, #4294967295	; 0xffffffff
   b4cce:	e8bd 83f8 	ldmia.w	sp!, {r3, r4, r5, r6, r7, r8, r9, pc}
   b4cd2:	b34e      	cbz	r6, b4d28 <__register_exitproc+0x98>
   b4cd4:	f8d4 0088 	ldr.w	r0, [r4, #136]	; 0x88
   b4cd8:	b988      	cbnz	r0, b4cfe <__register_exitproc+0x6e>
   b4cda:	4b1c      	ldr	r3, [pc, #112]	; (b4d4c <__register_exitproc+0xbc>)
   b4cdc:	b923      	cbnz	r3, b4ce8 <__register_exitproc+0x58>
   b4cde:	f8d8 0000 	ldr.w	r0, [r8]
   b4ce2:	f000 f838 	bl	b4d56 <__retarget_lock_release>
   b4ce6:	e7f0      	b.n	b4cca <__register_exitproc+0x3a>
   b4ce8:	f44f 7084 	mov.w	r0, #264	; 0x108
   b4cec:	f7ff fb72 	bl	b43d4 <malloc>
   b4cf0:	2800      	cmp	r0, #0
   b4cf2:	d0f4      	beq.n	b4cde <__register_exitproc+0x4e>
   b4cf4:	2300      	movs	r3, #0
   b4cf6:	e9c0 3340 	strd	r3, r3, [r0, #256]	; 0x100
   b4cfa:	f8c4 0088 	str.w	r0, [r4, #136]	; 0x88
   b4cfe:	6863      	ldr	r3, [r4, #4]
   b4d00:	f840 9023 	str.w	r9, [r0, r3, lsl #2]
   b4d04:	2201      	movs	r2, #1
   b4d06:	409a      	lsls	r2, r3
   b4d08:	eb00 0183 	add.w	r1, r0, r3, lsl #2
   b4d0c:	f8d0 3100 	ldr.w	r3, [r0, #256]	; 0x100
   b4d10:	4313      	orrs	r3, r2
   b4d12:	f8c0 3100 	str.w	r3, [r0, #256]	; 0x100
   b4d16:	2e02      	cmp	r6, #2
   b4d18:	f8c1 7080 	str.w	r7, [r1, #128]	; 0x80
   b4d1c:	bf02      	ittt	eq
   b4d1e:	f8d0 3104 	ldreq.w	r3, [r0, #260]	; 0x104
   b4d22:	4313      	orreq	r3, r2
   b4d24:	f8c0 3104 	streq.w	r3, [r0, #260]	; 0x104
   b4d28:	6863      	ldr	r3, [r4, #4]
   b4d2a:	f8d8 0000 	ldr.w	r0, [r8]
   b4d2e:	1c5a      	adds	r2, r3, #1
   b4d30:	3302      	adds	r3, #2
   b4d32:	6062      	str	r2, [r4, #4]
   b4d34:	f844 5023 	str.w	r5, [r4, r3, lsl #2]
   b4d38:	f000 f80e 	bl	b4d58 <__retarget_lock_release_recursive>
   b4d3c:	2000      	movs	r0, #0
   b4d3e:	e7c6      	b.n	b4cce <__register_exitproc+0x3e>
   b4d40:	2003e7e8 	.word	0x2003e7e8
   b4d44:	2003e75c 	.word	0x2003e75c
   b4d48:	00000000 	.word	0x00000000
   b4d4c:	000b43d5 	.word	0x000b43d5
   b4d50:	2003e6cc 	.word	0x2003e6cc

000b4d54 <__retarget_lock_acquire_recursive>:
   b4d54:	4770      	bx	lr

000b4d56 <__retarget_lock_release>:
   b4d56:	4770      	bx	lr

000b4d58 <__retarget_lock_release_recursive>:
   b4d58:	4770      	bx	lr

000b4d5a <link_code_end>:
	...

000b4d5c <dynalib_user>:
   b4d5c:	402d 000b 4069 000b 4091 000b 4095 000b     -@..i@...@...@..
   b4d6c:	0000 0000                                   ....

000b4d70 <_ZTVN5spark13EthernetClassE>:
	...
   b4d78:	4483 000b 4479 000b 446f 000b 4465 000b     .D..yD..oD..eD..
   b4d88:	4459 000b 444d 000b 45e1 000b 45e9 000b     YD..MD...E...E..
   b4d98:	4441 000b 4439 000b 442f 000b 4425 000b     AD..9D../D..%D..
   b4da8:	4619 000b                                   .F..

000b4dac <_ZTV9IPAddress>:
	...
   b4db4:	44b1 000b 44a1 000b 44a3 000b 7061 0070     .D...D...D..app.

000b4dc4 <_ZTVN5spark12NetworkClassE>:
	...
   b4dcc:	45a1 000b 45ab 000b 45b5 000b 45bf 000b     .E...E...E...E..
   b4ddc:	45c9 000b 45d5 000b 45e1 000b 45e9 000b     .E...E...E...E..
   b4dec:	45f1 000b 45fd 000b 4605 000b 460f 000b     .E...E...F...F..
   b4dfc:	4619 000b 5925 252d 2d6d 6425 2554 3a48     .F..%Y-%m-%dT%H:
   b4e0c:	4d25 253a 2553 007a 7361 7463 6d69 0065     %M:%S%z.asctime.

000b4e1c <_ZTV11USARTSerial>:
	...
   b4e24:	4809 000b 4875 000b 484d 000b 4705 000b     .H..uH..MH...G..
   b4e34:	481d 000b 4839 000b 482b 000b 4847 000b     .H..9H..+H..GH..
   b4e44:	480b 000b 480f 000b                         .H...H..

000b4e4c <_ZTV9USBSerial>:
	...
   b4e54:	48c1 000b 4929 000b 48ff 000b 4705 000b     .H..)I...H...G..
   b4e64:	48f1 000b 48c3 000b 48d3 000b 4923 000b     .H...H...H..#I..
   b4e74:	48e3 000b 48bb 000b                         .H...H..

000b4e7c <_ZTVN5spark9WiFiClassE>:
	...
   b4e84:	4a23 000b 4a19 000b 4a0f 000b 49c5 000b     #J...J...J...I..
   b4e94:	4a03 000b 49f7 000b 45e1 000b 45e9 000b     .J...I...E...E..
   b4ea4:	49eb 000b 49e3 000b 49d9 000b 49cf 000b     .I...I...I...I..
   b4eb4:	4619 000b                                   .F..

000b4eb8 <_ZSt7nothrow>:
   b4eb8:	5200 4545 544e 6d20 6c61 6f6c 2063 7573     .REENT malloc su
   b4ec8:	6363 6565 6564 0064 742f 706d 6a2f 6e65     cceeded./tmp/jen
   b4ed8:	696b 736e 472d 4343 312d 2d30 6970 6570     kins-GCC-10-pipe
   b4ee8:	696c 656e 342d 5f38 3032 3032 3131 3432     line-48_20201124
   b4ef8:	315f 3036 3136 3038 3336 2f39 7273 2f63     _1606180639/src/
   b4f08:	656e 6c77 6269 6e2f 7765 696c 2f62 696c     newlib/newlib/li
   b4f18:	6362 732f 6474 696c 2f62 6172 646e 632e     bc/stdlib/rand.c
	...

000b4f29 <link_const_data_end>:
   b4f29:	00          	.byte	0x00
	...

000b4f2c <link_constructors_location>:
   b4f2c:	000b4145 	.word	0x000b4145
   b4f30:	000b4415 	.word	0x000b4415
   b4f34:	000b448d 	.word	0x000b448d
   b4f38:	000b4591 	.word	0x000b4591
   b4f3c:	000b46f1 	.word	0x000b46f1
   b4f40:	000b47c5 	.word	0x000b47c5
   b4f44:	000b47d1 	.word	0x000b47d1
   b4f48:	000b47f5 	.word	0x000b47f5
   b4f4c:	000b4a2d 	.word	0x000b4a2d
